<?xml version="1.0" encoding="UTF-8"?>
<!-- Generated by org.testng.reporters.JUnitXMLReporter -->
<testsuite ignored="0" hostname="chatllm-computer-15309a32a6-795d78dcb9-hb7rn" failures="10" tests="10" name="Surefire test" time="10.773" errors="0" timestamp="2025-05-31T19:54:11 UTC">
  <testcase classname="io.cucumber.testng.AbstractTestNGCucumberTests" name="runScenario" time="0.352">
    <failure type="java.lang.AssertionError">
      <![CDATA[java.lang.AssertionError
at org.junit.Assert.fail(Assert.java:87)
at org.junit.Assert.assertTrue(Assert.java:42)
at org.junit.Assert.assertTrue(Assert.java:53)
at stepdefinition.PageTitle.verifyPageName(PageTitle.java:37)
at ✽.Assert the Page name is African Kit(file:///home/ubuntu/AfrobeatsAutomation/src/test/resources/features/1_pageTitle.feature:7)
]]>
    </failure>
  </testcase> <!-- runScenario -->
  <testcase classname="io.cucumber.testng.AbstractTestNGCucumberTests" name="runScenario" time="0.491">
    <failure type="java.lang.IllegalStateException" message="Elements By.id: musicPadIcon are not locatable anymore because their context has been garbage collected">
      <![CDATA[java.lang.IllegalStateException: Elements By.id: musicPadIcon are not locatable anymore because their context has been garbage collected
at io.appium.java_client.pagefactory.AppiumElementLocator.lambda$findElements$2(AppiumElementLocator.java:180)
at java.base/java.util.Optional.orElseThrow(Optional.java:403)
at io.appium.java_client.pagefactory.AppiumElementLocator.findElements(AppiumElementLocator.java:179)
at io.appium.java_client.pagefactory.interceptors.InterceptorOfAListOfElements.call(InterceptorOfAListOfElements.java:46)
at io.appium.java_client.proxy.Interceptor.intercept(Interceptor.java:78)
at net.bytebuddy.renamed.java.util.ArrayList$ByteBuddy$gaQxDymj.get(Unknown Source)
at pages.MusicPad.playMusic(MusicPad.java:59)
at stepdefinition.MusicPlayPause.iTapOnMusicPad(MusicPlayPause.java:23)
at ✽.I tap on music pad(file:///home/ubuntu/AfrobeatsAutomation/src/test/resources/features/2_musicPlayPause.feature:7)
]]>
    </failure>
  </testcase> <!-- runScenario -->
  <testcase classname="io.cucumber.testng.AbstractTestNGCucumberTests" name="runScenario" time="0.297">
    <failure type="java.lang.IllegalStateException" message="Elements By.id: musicPadIcon are not locatable anymore because their context has been garbage collected">
      <![CDATA[java.lang.IllegalStateException: Elements By.id: musicPadIcon are not locatable anymore because their context has been garbage collected
at io.appium.java_client.pagefactory.AppiumElementLocator.lambda$findElements$2(AppiumElementLocator.java:180)
at java.base/java.util.Optional.orElseThrow(Optional.java:403)
at io.appium.java_client.pagefactory.AppiumElementLocator.findElements(AppiumElementLocator.java:179)
at io.appium.java_client.pagefactory.interceptors.InterceptorOfAListOfElements.call(InterceptorOfAListOfElements.java:46)
at io.appium.java_client.proxy.Interceptor.intercept(Interceptor.java:78)
at net.bytebuddy.renamed.java.util.ArrayList$ByteBuddy$tMEOybAq.get(Unknown Source)
at pages.MusicPad.playMusic(MusicPad.java:59)
at stepdefinition.MusicPlayPause.iTapOnMusicPad(MusicPlayPause.java:23)
at ✽.I tap on music pad(file:///home/ubuntu/AfrobeatsAutomation/src/test/resources/features/3_multipleMusicPlayPause.feature:6)
]]>
    </failure>
  </testcase> <!-- runScenario -->
  <testcase classname="io.cucumber.testng.AbstractTestNGCucumberTests" name="runScenario" time="0.123">
    <failure type="java.lang.IllegalStateException" message="The element By.id: bpmValue is not locatable anymore because its context has been garbage collected">
      <![CDATA[java.lang.IllegalStateException: The element By.id: bpmValue is not locatable anymore because its context has been garbage collected
at io.appium.java_client.pagefactory.AppiumElementLocator.lambda$findElement$0(AppiumElementLocator.java:154)
at java.base/java.util.Optional.orElseThrow(Optional.java:403)
at io.appium.java_client.pagefactory.AppiumElementLocator.findElement(AppiumElementLocator.java:153)
at io.appium.java_client.pagefactory.interceptors.InterceptorOfASingleElement.call(InterceptorOfASingleElement.java:64)
at io.appium.java_client.proxy.Interceptor.intercept(Interceptor.java:78)
at org.openqa.selenium.remote.RemoteWebElement$ByteBuddy$BrpzMkpo.getText(Unknown Source)
at main.Core.getText(Core.java:101)
at pages.Slider.openSlider(Slider.java:30)
at stepdefinition.SliderSteps.iTapOnNumberSlider(SliderSteps.java:21)
at ✽.I tap on the number beside the green light on the top left(file:///home/ubuntu/AfrobeatsAutomation/src/test/resources/features/5_slider.feature:6)
]]>
    </failure>
  </testcase> <!-- runScenario -->
  <testcase classname="io.cucumber.testng.AbstractTestNGCucumberTests" name="runScenario" time="0.062">
    <failure type="java.lang.IllegalStateException" message="The element By.id: volNormButton is not locatable anymore because its context has been garbage collected">
      <![CDATA[java.lang.IllegalStateException: The element By.id: volNormButton is not locatable anymore because its context has been garbage collected
at io.appium.java_client.pagefactory.AppiumElementLocator.lambda$findElement$0(AppiumElementLocator.java:154)
at java.base/java.util.Optional.orElseThrow(Optional.java:403)
at io.appium.java_client.pagefactory.AppiumElementLocator.findElement(AppiumElementLocator.java:153)
at io.appium.java_client.pagefactory.interceptors.InterceptorOfASingleElement.call(InterceptorOfASingleElement.java:64)
at io.appium.java_client.proxy.Interceptor.intercept(Interceptor.java:78)
at org.openqa.selenium.remote.RemoteWebElement$ByteBuddy$Y9OMS06g.click(Unknown Source)
at main.Core.findWebElementByIDAndClick(Core.java:94)
at pages.NormButton.clickOnVolNorm(NormButton.java:30)
at stepdefinition.VolNorm.iTapOnVolNorm(VolNorm.java:21)
at ✽.I tap the VOL NORM button(file:///home/ubuntu/AfrobeatsAutomation/src/test/resources/features/6_volumeNorm.feature:6)
]]>
    </failure>
  </testcase> <!-- runScenario -->
  <testcase classname="io.cucumber.testng.AbstractTestNGCucumberTests" name="runScenario" time="0.191">
    <failure type="java.lang.IllegalStateException" message="The element By.id: editPads is not locatable anymore because its context has been garbage collected">
      <![CDATA[java.lang.IllegalStateException: The element By.id: editPads is not locatable anymore because its context has been garbage collected
at io.appium.java_client.pagefactory.AppiumElementLocator.lambda$findElement$0(AppiumElementLocator.java:154)
at java.base/java.util.Optional.orElseThrow(Optional.java:403)
at io.appium.java_client.pagefactory.AppiumElementLocator.findElement(AppiumElementLocator.java:153)
at io.appium.java_client.pagefactory.interceptors.InterceptorOfASingleElement.call(InterceptorOfASingleElement.java:64)
at io.appium.java_client.proxy.Interceptor.intercept(Interceptor.java:78)
at org.openqa.selenium.remote.RemoteWebElement$ByteBuddy$pxbIuzZO.click(Unknown Source)
at main.Core.findWebElementByIDAndClick(Core.java:94)
at pages.EditMusicPad.clickEditPads(EditMusicPad.java:56)
at stepdefinition.AddFreeSamples.iTapOnEditPad(AddFreeSamples.java:21)
at ✽.I tap the Edit page(file:///home/ubuntu/AfrobeatsAutomation/src/test/resources/features/7_addFreeSamples.feature:5)
]]>
    </failure>
  </testcase> <!-- runScenario -->
  <testcase classname="io.cucumber.testng.AbstractTestNGCucumberTests" name="runScenario" time="5.178">
    <failure type="java.lang.AssertionError" message="expected [true] but found [false]">
      <![CDATA[java.lang.AssertionError: expected [true] but found [false]
at stepdefinition.StorePurchase.verifyCartCount(StorePurchase.java:22)
at ✽.The assert the store button is showing store count 40(file:///home/ubuntu/AfrobeatsAutomation/src/test/resources/features/8_purchaseStoreItems.feature:6)
... Removed 4 stack frames]]>
    </failure>
  </testcase> <!-- runScenario -->
  <testcase classname="io.cucumber.testng.AbstractTestNGCucumberTests" name="runScenario" time="2.067">
    <failure type="java.lang.AssertionError" message="expected [true] but found [false]">
      <![CDATA[java.lang.AssertionError: expected [true] but found [false]
at stepdefinition.TapTempo.verifyButtonDeactivated(TapTempo.java:35)
at ✽.Tap tempo button should be deactivated(file:///home/ubuntu/AfrobeatsAutomation/src/test/resources/features/9_tapTempoButton.feature:8)
... Removed 4 stack frames]]>
    </failure>
  </testcase> <!-- runScenario -->
  <testcase classname="io.cucumber.testng.AbstractTestNGCucumberTests" name="runScenario" time="0.629">
    <failure type="java.lang.IllegalStateException" message="The element By.id: settingButton is not locatable anymore because its context has been garbage collected">
      <![CDATA[java.lang.IllegalStateException: The element By.id: settingButton is not locatable anymore because its context has been garbage collected
at io.appium.java_client.pagefactory.AppiumElementLocator.lambda$findElement$0(AppiumElementLocator.java:154)
at java.base/java.util.Optional.orElseThrow(Optional.java:403)
at io.appium.java_client.pagefactory.AppiumElementLocator.findElement(AppiumElementLocator.java:153)
at io.appium.java_client.pagefactory.interceptors.InterceptorOfASingleElement.call(InterceptorOfASingleElement.java:64)
at io.appium.java_client.proxy.Interceptor.intercept(Interceptor.java:78)
at org.openqa.selenium.remote.RemoteWebElement$ByteBuddy$bz5RmVn0.click(Unknown Source)
at main.Core.findWebElementByIDAndClick(Core.java:94)
at pages.MultipleSessions.multipleSessionSelected(MultipleSessions.java:39)
at stepdefinition.AddMultipleSessions.tapOnMultipleSessions(AddMultipleSessions.java:18)
at ✽.Tap on Multiple session button on the top right(file:///home/ubuntu/AfrobeatsAutomation/src/test/resources/features/multipleSessions.feature:6)
]]>
    </failure>
  </testcase> <!-- runScenario -->
  <testcase classname="io.cucumber.testng.AbstractTestNGCucumberTests" name="runScenario" time="0.911">
    <failure type="java.lang.IllegalStateException" message="The element By.id: burgerMenu is not locatable anymore because its context has been garbage collected">
      <![CDATA[java.lang.IllegalStateException: The element By.id: burgerMenu is not locatable anymore because its context has been garbage collected
at io.appium.java_client.pagefactory.AppiumElementLocator.lambda$findElement$0(AppiumElementLocator.java:154)
at java.base/java.util.Optional.orElseThrow(Optional.java:403)
at io.appium.java_client.pagefactory.AppiumElementLocator.findElement(AppiumElementLocator.java:153)
at io.appium.java_client.pagefactory.interceptors.InterceptorOfASingleElement.call(InterceptorOfASingleElement.java:64)
at io.appium.java_client.proxy.Interceptor.intercept(Interceptor.java:78)
at org.openqa.selenium.remote.RemoteWebElement$ByteBuddy$n4ZsLLcx.click(Unknown Source)
at main.Core.findWebElementByIDAndClick(Core.java:94)
at pages.MultipleSessionsList.multipleSessionsList(MultipleSessionsList.java:38)
at stepdefinition.VerifyMutipleSessions.tapOnMultipleSessions(VerifyMutipleSessions.java:17)
at ✽.go to Multiple session page(file:///home/ubuntu/AfrobeatsAutomation/src/test/resources/features/playAllPads.feature:6)
]]>
    </failure>
  </testcase> <!-- runScenario -->
</testsuite> <!-- Surefire test -->
