<?xml version="1.0" encoding="UTF-8"?>
<testng-results ignored="0" total="10" passed="0" failed="10" skipped="0">
  <reporter-output>
  </reporter-output>
  <suite started-at="2025-06-02T05:41:52 UTC" name="Testng Cucumber Suite" finished-at="2025-06-02T05:43:23 UTC" duration-ms="90785">
    <groups>
      <group name="cucumber">
        <method signature="AbstractTestNGCucumberTests.runScenario(io.cucumber.testng.PickleWrapper,io.cucumber.testng.FeatureWrapper)[pri:0, instance:main.CucumberRunner@1283bb96]" name="runScenario" class="io.cucumber.testng.AbstractTestNGCucumberTests"/>
      </group> <!-- cucumber -->
    </groups>
    <test started-at="2025-06-02T05:41:52 UTC" name="Run All Tests on Android" finished-at="2025-06-02T05:43:23 UTC" duration-ms="90785">
      <class name="main.CucumberRunner">
        <test-method is-config="true" signature="openBroswer(java.lang.String)[pri:0, instance:main.CucumberRunner@1283bb96]" started-at="2025-06-02T05:41:52 UTC" name="openBroswer" finished-at="2025-06-02T05:43:12 UTC" duration-ms="79812" status="PASS">
          <params>
            <param index="0">
              <value>
                <![CDATA[Android]]>
              </value>
            </param>
          </params>
          <reporter-output>
          </reporter-output>
        </test-method> <!-- openBroswer -->
        <test-method is-config="true" signature="setUpClass(org.testng.ITestContext)[pri:0, instance:main.CucumberRunner@1283bb96]" started-at="2025-06-02T05:43:12 UTC" name="setUpClass" finished-at="2025-06-02T05:43:13 UTC" duration-ms="331" status="PASS">
          <params>
            <param index="0">
              <value>
                <![CDATA[org.testng.TestRunner@19ed779e]]>
              </value>
            </param>
          </params>
          <reporter-output>
          </reporter-output>
        </test-method> <!-- setUpClass -->
        <test-method signature="runScenario(io.cucumber.testng.PickleWrapper,io.cucumber.testng.FeatureWrapper)[pri:0, instance:main.CucumberRunner@1283bb96]" started-at="2025-06-02T05:43:13 UTC" name="runScenario" description="Runs Cucumber Scenarios" data-provider="scenarios" finished-at="2025-06-02T05:43:13 UTC" duration-ms="410" status="FAIL">
          <params>
            <param index="0">
              <value>
                <![CDATA["When the application is launched, title should be "African Kit""]]>
              </value>
            </param>
            <param index="1">
              <value>
                <![CDATA["Title verification"]]>
              </value>
            </param>
          </params>
          <exception class="java.lang.AssertionError">
            <full-stacktrace>
              <![CDATA[java.lang.AssertionError
at org.junit.Assert.fail(Assert.java:87)
at org.junit.Assert.assertTrue(Assert.java:42)
at org.junit.Assert.assertTrue(Assert.java:53)
at stepdefinition.PageTitle.verifyPageName(PageTitle.java:37)
at ✽.Assert the Page name is African Kit(file:///home/ubuntu/AfrobeatsAutomation/src/test/resources/features/1_pageTitle.feature:7)
]]>
            </full-stacktrace>
          </exception> <!-- java.lang.AssertionError -->
          <reporter-output>
          </reporter-output>
        </test-method> <!-- runScenario -->
        <test-method signature="runScenario(io.cucumber.testng.PickleWrapper,io.cucumber.testng.FeatureWrapper)[pri:0, instance:main.CucumberRunner@1283bb96]" started-at="2025-06-02T05:43:13 UTC" name="runScenario" description="Runs Cucumber Scenarios" data-provider="scenarios" finished-at="2025-06-02T05:43:13 UTC" duration-ms="448" status="FAIL">
          <params>
            <param index="0">
              <value>
                <![CDATA["When the music is played/paused, progress bar should be enabled/disabled"]]>
              </value>
            </param>
            <param index="1">
              <value>
                <![CDATA["Play & Pause Music"]]>
              </value>
            </param>
          </params>
          <exception class="java.lang.IllegalStateException">
            <message>
              <![CDATA[Elements By.id: musicPadIcon are not locatable anymore because their context has been garbage collected]]>
            </message>
            <full-stacktrace>
              <![CDATA[java.lang.IllegalStateException: Elements By.id: musicPadIcon are not locatable anymore because their context has been garbage collected
at io.appium.java_client.pagefactory.AppiumElementLocator.lambda$findElements$2(AppiumElementLocator.java:180)
at java.base/java.util.Optional.orElseThrow(Optional.java:403)
at io.appium.java_client.pagefactory.AppiumElementLocator.findElements(AppiumElementLocator.java:179)
at io.appium.java_client.pagefactory.interceptors.InterceptorOfAListOfElements.call(InterceptorOfAListOfElements.java:46)
at io.appium.java_client.proxy.Interceptor.intercept(Interceptor.java:78)
at net.bytebuddy.renamed.java.util.ArrayList$ByteBuddy$BD0nKqz2.get(Unknown Source)
at pages.MusicPad.playMusic(MusicPad.java:72)
at stepdefinition.MusicPlayPause.iTapOnMusicPad(MusicPlayPause.java:23)
at ✽.I tap on music pad(file:///home/ubuntu/AfrobeatsAutomation/src/test/resources/features/2_musicPlayPause.feature:7)
]]>
            </full-stacktrace>
          </exception> <!-- java.lang.IllegalStateException -->
          <reporter-output>
          </reporter-output>
        </test-method> <!-- runScenario -->
        <test-method signature="runScenario(io.cucumber.testng.PickleWrapper,io.cucumber.testng.FeatureWrapper)[pri:0, instance:main.CucumberRunner@1283bb96]" started-at="2025-06-02T05:43:13 UTC" name="runScenario" description="Runs Cucumber Scenarios" data-provider="scenarios" finished-at="2025-06-02T05:43:14 UTC" duration-ms="251" status="FAIL">
          <params>
            <param index="0">
              <value>
                <![CDATA["When the music is played/paused for multiple pads, play/pause buttons should be displayed accordingnly"]]>
              </value>
            </param>
            <param index="1">
              <value>
                <![CDATA["Play & Pause Music for multiple pads"]]>
              </value>
            </param>
          </params>
          <exception class="java.lang.IllegalStateException">
            <message>
              <![CDATA[Elements By.id: musicPadIcon are not locatable anymore because their context has been garbage collected]]>
            </message>
            <full-stacktrace>
              <![CDATA[java.lang.IllegalStateException: Elements By.id: musicPadIcon are not locatable anymore because their context has been garbage collected
at io.appium.java_client.pagefactory.AppiumElementLocator.lambda$findElements$2(AppiumElementLocator.java:180)
at java.base/java.util.Optional.orElseThrow(Optional.java:403)
at io.appium.java_client.pagefactory.AppiumElementLocator.findElements(AppiumElementLocator.java:179)
at io.appium.java_client.pagefactory.interceptors.InterceptorOfAListOfElements.call(InterceptorOfAListOfElements.java:46)
at io.appium.java_client.proxy.Interceptor.intercept(Interceptor.java:78)
at net.bytebuddy.renamed.java.util.ArrayList$ByteBuddy$qStQcVtQ.get(Unknown Source)
at pages.MusicPad.playMusic(MusicPad.java:72)
at stepdefinition.MusicPlayPause.iTapOnMusicPad(MusicPlayPause.java:23)
at ✽.I tap on music pad(file:///home/ubuntu/AfrobeatsAutomation/src/test/resources/features/3_multipleMusicPlayPause.feature:6)
]]>
            </full-stacktrace>
          </exception> <!-- java.lang.IllegalStateException -->
          <reporter-output>
          </reporter-output>
        </test-method> <!-- runScenario -->
        <test-method signature="runScenario(io.cucumber.testng.PickleWrapper,io.cucumber.testng.FeatureWrapper)[pri:0, instance:main.CucumberRunner@1283bb96]" started-at="2025-06-02T05:43:14 UTC" name="runScenario" description="Runs Cucumber Scenarios" data-provider="scenarios" finished-at="2025-06-02T05:43:14 UTC" duration-ms="128" status="FAIL">
          <params>
            <param index="0">
              <value>
                <![CDATA["On moving slider, values should be changed"]]>
              </value>
            </param>
            <param index="1">
              <value>
                <![CDATA["Move slider"]]>
              </value>
            </param>
          </params>
          <exception class="java.lang.IllegalStateException">
            <message>
              <![CDATA[The element By.id: bpmValue is not locatable anymore because its context has been garbage collected]]>
            </message>
            <full-stacktrace>
              <![CDATA[java.lang.IllegalStateException: The element By.id: bpmValue is not locatable anymore because its context has been garbage collected
at io.appium.java_client.pagefactory.AppiumElementLocator.lambda$findElement$0(AppiumElementLocator.java:154)
at java.base/java.util.Optional.orElseThrow(Optional.java:403)
at io.appium.java_client.pagefactory.AppiumElementLocator.findElement(AppiumElementLocator.java:153)
at io.appium.java_client.pagefactory.interceptors.InterceptorOfASingleElement.call(InterceptorOfASingleElement.java:64)
at io.appium.java_client.proxy.Interceptor.intercept(Interceptor.java:78)
at org.openqa.selenium.remote.RemoteWebElement$ByteBuddy$5ume5lzr.getText(Unknown Source)
at main.Core.getText(Core.java:110)
at pages.Slider.openSlider(Slider.java:30)
at stepdefinition.SliderSteps.iTapOnNumberSlider(SliderSteps.java:21)
at ✽.I tap on the number beside the green light on the top left(file:///home/ubuntu/AfrobeatsAutomation/src/test/resources/features/5_slider.feature:6)
]]>
            </full-stacktrace>
          </exception> <!-- java.lang.IllegalStateException -->
          <reporter-output>
          </reporter-output>
        </test-method> <!-- runScenario -->
        <test-method signature="runScenario(io.cucumber.testng.PickleWrapper,io.cucumber.testng.FeatureWrapper)[pri:0, instance:main.CucumberRunner@1283bb96]" started-at="2025-06-02T05:43:14 UTC" name="runScenario" description="Runs Cucumber Scenarios" data-provider="scenarios" finished-at="2025-06-02T05:43:14 UTC" duration-ms="54" status="FAIL">
          <params>
            <param index="0">
              <value>
                <![CDATA["VOL NORM should be enabled/disabled"]]>
              </value>
            </param>
            <param index="1">
              <value>
                <![CDATA["Vol Norm"]]>
              </value>
            </param>
          </params>
          <exception class="java.lang.IllegalStateException">
            <message>
              <![CDATA[The element By.id: volNormButton is not locatable anymore because its context has been garbage collected]]>
            </message>
            <full-stacktrace>
              <![CDATA[java.lang.IllegalStateException: The element By.id: volNormButton is not locatable anymore because its context has been garbage collected
at io.appium.java_client.pagefactory.AppiumElementLocator.lambda$findElement$0(AppiumElementLocator.java:154)
at java.base/java.util.Optional.orElseThrow(Optional.java:403)
at io.appium.java_client.pagefactory.AppiumElementLocator.findElement(AppiumElementLocator.java:153)
at io.appium.java_client.pagefactory.interceptors.InterceptorOfASingleElement.call(InterceptorOfASingleElement.java:64)
at io.appium.java_client.proxy.Interceptor.intercept(Interceptor.java:78)
at org.openqa.selenium.remote.RemoteWebElement$ByteBuddy$pXIIlx2K.click(Unknown Source)
at main.Core.findWebElementByIDAndClick(Core.java:93)
at pages.NormButton.clickOnVolNorm(NormButton.java:30)
at stepdefinition.VolNorm.iTapOnVolNorm(VolNorm.java:21)
at ✽.I tap the VOL NORM button(file:///home/ubuntu/AfrobeatsAutomation/src/test/resources/features/6_volumeNorm.feature:6)
]]>
            </full-stacktrace>
          </exception> <!-- java.lang.IllegalStateException -->
          <reporter-output>
          </reporter-output>
        </test-method> <!-- runScenario -->
        <test-method signature="runScenario(io.cucumber.testng.PickleWrapper,io.cucumber.testng.FeatureWrapper)[pri:0, instance:main.CucumberRunner@1283bb96]" started-at="2025-06-02T05:43:14 UTC" name="runScenario" description="Runs Cucumber Scenarios" data-provider="scenarios" finished-at="2025-06-02T05:43:14 UTC" duration-ms="238" status="FAIL">
          <params>
            <param index="0">
              <value>
                <![CDATA["Free samples should be added to music pad"]]>
              </value>
            </param>
            <param index="1">
              <value>
                <![CDATA["Add Free Samples"]]>
              </value>
            </param>
          </params>
          <exception class="java.lang.IllegalStateException">
            <message>
              <![CDATA[The element By.id: editPads is not locatable anymore because its context has been garbage collected]]>
            </message>
            <full-stacktrace>
              <![CDATA[java.lang.IllegalStateException: The element By.id: editPads is not locatable anymore because its context has been garbage collected
at io.appium.java_client.pagefactory.AppiumElementLocator.lambda$findElement$0(AppiumElementLocator.java:154)
at java.base/java.util.Optional.orElseThrow(Optional.java:403)
at io.appium.java_client.pagefactory.AppiumElementLocator.findElement(AppiumElementLocator.java:153)
at io.appium.java_client.pagefactory.interceptors.InterceptorOfASingleElement.call(InterceptorOfASingleElement.java:64)
at io.appium.java_client.proxy.Interceptor.intercept(Interceptor.java:78)
at org.openqa.selenium.remote.RemoteWebElement$ByteBuddy$5eq245LJ.click(Unknown Source)
at main.Core.findWebElementByIDAndClick(Core.java:93)
at pages.EditMusicPad.clickEditPads(EditMusicPad.java:61)
at stepdefinition.AddFreeSamples.iTapOnEditPad(AddFreeSamples.java:21)
at ✽.I tap the Edit page(file:///home/ubuntu/AfrobeatsAutomation/src/test/resources/features/7_addFreeSamples.feature:5)
]]>
            </full-stacktrace>
          </exception> <!-- java.lang.IllegalStateException -->
          <reporter-output>
          </reporter-output>
        </test-method> <!-- runScenario -->
        <test-method signature="runScenario(io.cucumber.testng.PickleWrapper,io.cucumber.testng.FeatureWrapper)[pri:0, instance:main.CucumberRunner@1283bb96]" started-at="2025-06-02T05:43:14 UTC" name="runScenario" description="Runs Cucumber Scenarios" data-provider="scenarios" finished-at="2025-06-02T05:43:19 UTC" duration-ms="5209" status="FAIL">
          <params>
            <param index="0">
              <value>
                <![CDATA["Cart Items should be successfully purchase from Store Screen."]]>
              </value>
            </param>
            <param index="1">
              <value>
                <![CDATA["purchase Store Items"]]>
              </value>
            </param>
          </params>
          <exception class="java.lang.AssertionError">
            <message>
              <![CDATA[expected [true] but found [false]]]>
            </message>
            <full-stacktrace>
              <![CDATA[java.lang.AssertionError: expected [true] but found [false]
at org.testng.Assert.fail(Assert.java:111)
at org.testng.Assert.failNotEquals(Assert.java:1578)
at org.testng.Assert.assertTrue(Assert.java:57)
at org.testng.Assert.assertTrue(Assert.java:67)
at stepdefinition.StorePurchase.verifyCartCount(StorePurchase.java:22)
at ✽.The assert the store button is showing store count 40(file:///home/ubuntu/AfrobeatsAutomation/src/test/resources/features/8_purchaseStoreItems.feature:6)
]]>
            </full-stacktrace>
          </exception> <!-- java.lang.AssertionError -->
          <reporter-output>
          </reporter-output>
        </test-method> <!-- runScenario -->
        <test-method signature="runScenario(io.cucumber.testng.PickleWrapper,io.cucumber.testng.FeatureWrapper)[pri:0, instance:main.CucumberRunner@1283bb96]" started-at="2025-06-02T05:43:19 UTC" name="runScenario" description="Runs Cucumber Scenarios" data-provider="scenarios" finished-at="2025-06-02T05:43:21 UTC" duration-ms="2085" status="FAIL">
          <params>
            <param index="0">
              <value>
                <![CDATA["TAP TEMPO Button should be deactivated after tapping on that mutiple times"]]>
              </value>
            </param>
            <param index="1">
              <value>
                <![CDATA["tap on TAP TEMPO Button Multiple times"]]>
              </value>
            </param>
          </params>
          <exception class="java.lang.AssertionError">
            <message>
              <![CDATA[expected [true] but found [false]]]>
            </message>
            <full-stacktrace>
              <![CDATA[java.lang.AssertionError: expected [true] but found [false]
at org.testng.Assert.fail(Assert.java:111)
at org.testng.Assert.failNotEquals(Assert.java:1578)
at org.testng.Assert.assertTrue(Assert.java:57)
at org.testng.Assert.assertTrue(Assert.java:67)
at stepdefinition.TapTempo.verifyButtonDeactivated(TapTempo.java:35)
at ✽.Tap tempo button should be deactivated(file:///home/ubuntu/AfrobeatsAutomation/src/test/resources/features/9_tapTempoButton.feature:8)
]]>
            </full-stacktrace>
          </exception> <!-- java.lang.AssertionError -->
          <reporter-output>
          </reporter-output>
        </test-method> <!-- runScenario -->
        <test-method signature="runScenario(io.cucumber.testng.PickleWrapper,io.cucumber.testng.FeatureWrapper)[pri:0, instance:main.CucumberRunner@1283bb96]" started-at="2025-06-02T05:43:21 UTC" name="runScenario" description="Runs Cucumber Scenarios" data-provider="scenarios" finished-at="2025-06-02T05:43:22 UTC" duration-ms="670" status="FAIL">
          <params>
            <param index="0">
              <value>
                <![CDATA["Multiple sessions should be added to music pad"]]>
              </value>
            </param>
            <param index="1">
              <value>
                <![CDATA["Add Multiple Sessions"]]>
              </value>
            </param>
          </params>
          <exception class="java.lang.IllegalStateException">
            <message>
              <![CDATA[The element By.id: settingButton is not locatable anymore because its context has been garbage collected]]>
            </message>
            <full-stacktrace>
              <![CDATA[java.lang.IllegalStateException: The element By.id: settingButton is not locatable anymore because its context has been garbage collected
at io.appium.java_client.pagefactory.AppiumElementLocator.lambda$findElement$0(AppiumElementLocator.java:154)
at java.base/java.util.Optional.orElseThrow(Optional.java:403)
at io.appium.java_client.pagefactory.AppiumElementLocator.findElement(AppiumElementLocator.java:153)
at io.appium.java_client.pagefactory.interceptors.InterceptorOfASingleElement.call(InterceptorOfASingleElement.java:64)
at io.appium.java_client.proxy.Interceptor.intercept(Interceptor.java:78)
at org.openqa.selenium.remote.RemoteWebElement$ByteBuddy$jYPlOFIv.click(Unknown Source)
at main.Core.findWebElementByIDAndClick(Core.java:93)
at pages.MultipleSessions.multipleSessionSelected(MultipleSessions.java:50)
at stepdefinition.AddMultipleSessions.tapOnMultipleSessions(AddMultipleSessions.java:18)
at ✽.Tap on Multiple session button on the top right(file:///home/ubuntu/AfrobeatsAutomation/src/test/resources/features/multipleSessions.feature:6)
]]>
            </full-stacktrace>
          </exception> <!-- java.lang.IllegalStateException -->
          <reporter-output>
          </reporter-output>
        </test-method> <!-- runScenario -->
        <test-method signature="runScenario(io.cucumber.testng.PickleWrapper,io.cucumber.testng.FeatureWrapper)[pri:0, instance:main.CucumberRunner@1283bb96]" started-at="2025-06-02T05:43:22 UTC" name="runScenario" description="Runs Cucumber Scenarios" data-provider="scenarios" finished-at="2025-06-02T05:43:23 UTC" duration-ms="1057" status="FAIL">
          <params>
            <param index="0">
              <value>
                <![CDATA["All created sessiond should be listed in Session screen and Play and Pause for each loaded pads on each sessions pages"]]>
              </value>
            </param>
            <param index="1">
              <value>
                <![CDATA["Verify all added Sessions"]]>
              </value>
            </param>
          </params>
          <exception class="java.lang.IllegalStateException">
            <message>
              <![CDATA[The element By.id: burgerMenu is not locatable anymore because its context has been garbage collected]]>
            </message>
            <full-stacktrace>
              <![CDATA[java.lang.IllegalStateException: The element By.id: burgerMenu is not locatable anymore because its context has been garbage collected
at io.appium.java_client.pagefactory.AppiumElementLocator.lambda$findElement$0(AppiumElementLocator.java:154)
at java.base/java.util.Optional.orElseThrow(Optional.java:403)
at io.appium.java_client.pagefactory.AppiumElementLocator.findElement(AppiumElementLocator.java:153)
at io.appium.java_client.pagefactory.interceptors.InterceptorOfASingleElement.call(InterceptorOfASingleElement.java:64)
at io.appium.java_client.proxy.Interceptor.intercept(Interceptor.java:78)
at org.openqa.selenium.remote.RemoteWebElement$ByteBuddy$s4Mri24x.click(Unknown Source)
at main.Core.findWebElementByIDAndClick(Core.java:93)
at pages.MultipleSessionsList.multipleSessionsList(MultipleSessionsList.java:46)
at stepdefinition.VerifyMutipleSessions.tapOnMultipleSessions(VerifyMutipleSessions.java:17)
at ✽.go to Multiple session page(file:///home/ubuntu/AfrobeatsAutomation/src/test/resources/features/playAllPads.feature:6)
]]>
            </full-stacktrace>
          </exception> <!-- java.lang.IllegalStateException -->
          <reporter-output>
          </reporter-output>
        </test-method> <!-- runScenario -->
        <test-method is-config="true" signature="tearDownClass()[pri:0, instance:main.CucumberRunner@1283bb96]" started-at="2025-06-02T05:43:23 UTC" name="tearDownClass" finished-at="2025-06-02T05:43:23 UTC" duration-ms="60" status="PASS">
          <reporter-output>
          </reporter-output>
        </test-method> <!-- tearDownClass -->
        <test-method is-config="true" signature="closebrowser()[pri:0, instance:main.CucumberRunner@1283bb96]" started-at="2025-06-02T05:43:23 UTC" name="closebrowser" finished-at="2025-06-02T05:43:23 UTC" duration-ms="0" status="PASS">
          <reporter-output>
          </reporter-output>
        </test-method> <!-- closebrowser -->
      </class> <!-- main.CucumberRunner -->
    </test> <!-- Run All Tests on Android -->
  </suite> <!-- Testng Cucumber Suite -->
</testng-results>
