-------------------------------------------------------------------------------
Test set: TestSuite
-------------------------------------------------------------------------------
Tests run: 20, Failures: 20, Errors: 0, Skipped: 0, Time elapsed: 20.988 sec <<< FAILURE! - in TestSuite
runScenario(main.CucumberRunner)  Time elapsed: 0.736 sec  <<< FAILURE!
java.lang.AssertionError: null
	at org.junit.Assert.fail(Assert.java:87)
	at org.junit.Assert.assertTrue(Assert.java:42)
	at org.junit.Assert.assertTrue(Assert.java:53)
	at stepdefinition.PageTitle.verifyPageName(PageTitle.java:37)
	at ✽.Assert the Page name is African Kit(file:///home/ubuntu/AfrobeatsAutomation/src/test/resources/features/1_pageTitle.feature:7)

runScenario(main.CucumberRunner)  Time elapsed: 0.421 sec  <<< FAILURE!
java.lang.IllegalStateException: Elements By.id: musicPadIcon are not locatable anymore because their context has been garbage collected
	at io.appium.java_client.pagefactory.AppiumElementLocator.lambda$findElements$2(AppiumElementLocator.java:180)
	at java.base/java.util.Optional.orElseThrow(Optional.java:403)
	at io.appium.java_client.pagefactory.AppiumElementLocator.findElements(AppiumElementLocator.java:179)
	at io.appium.java_client.pagefactory.interceptors.InterceptorOfAListOfElements.call(InterceptorOfAListOfElements.java:46)
	at io.appium.java_client.proxy.Interceptor.intercept(Interceptor.java:78)
	at net.bytebuddy.renamed.java.util.ArrayList$ByteBuddy$HOqIlR7y.get(Unknown Source)
	at pages.MusicPad.playMusic(MusicPad.java:59)
	at stepdefinition.MusicPlayPause.iTapOnMusicPad(MusicPlayPause.java:23)
	at ✽.I tap on music pad(file:///home/ubuntu/AfrobeatsAutomation/src/test/resources/features/2_musicPlayPause.feature:7)

runScenario(main.CucumberRunner)  Time elapsed: 0.247 sec  <<< FAILURE!
java.lang.IllegalStateException: Elements By.id: musicPadIcon are not locatable anymore because their context has been garbage collected
	at io.appium.java_client.pagefactory.AppiumElementLocator.lambda$findElements$2(AppiumElementLocator.java:180)
	at java.base/java.util.Optional.orElseThrow(Optional.java:403)
	at io.appium.java_client.pagefactory.AppiumElementLocator.findElements(AppiumElementLocator.java:179)
	at io.appium.java_client.pagefactory.interceptors.InterceptorOfAListOfElements.call(InterceptorOfAListOfElements.java:46)
	at io.appium.java_client.proxy.Interceptor.intercept(Interceptor.java:78)
	at net.bytebuddy.renamed.java.util.ArrayList$ByteBuddy$pLJMepwT.get(Unknown Source)
	at pages.MusicPad.playMusic(MusicPad.java:59)
	at stepdefinition.MusicPlayPause.iTapOnMusicPad(MusicPlayPause.java:23)
	at ✽.I tap on music pad(file:///home/ubuntu/AfrobeatsAutomation/src/test/resources/features/3_multipleMusicPlayPause.feature:6)

runScenario(main.CucumberRunner)  Time elapsed: 0.173 sec  <<< FAILURE!
java.lang.IllegalStateException: The element By.id: bpmValue is not locatable anymore because its context has been garbage collected
	at io.appium.java_client.pagefactory.AppiumElementLocator.lambda$findElement$0(AppiumElementLocator.java:154)
	at java.base/java.util.Optional.orElseThrow(Optional.java:403)
	at io.appium.java_client.pagefactory.AppiumElementLocator.findElement(AppiumElementLocator.java:153)
	at io.appium.java_client.pagefactory.interceptors.InterceptorOfASingleElement.call(InterceptorOfASingleElement.java:64)
	at io.appium.java_client.proxy.Interceptor.intercept(Interceptor.java:78)
	at org.openqa.selenium.remote.RemoteWebElement$ByteBuddy$wDAe6P5i.getText(Unknown Source)
	at main.Core.getText(Core.java:101)
	at pages.Slider.openSlider(Slider.java:30)
	at stepdefinition.SliderSteps.iTapOnNumberSlider(SliderSteps.java:21)
	at ✽.I tap on the number beside the green light on the top left(file:///home/ubuntu/AfrobeatsAutomation/src/test/resources/features/5_slider.feature:6)

runScenario(main.CucumberRunner)  Time elapsed: 0.048 sec  <<< FAILURE!
java.lang.IllegalStateException: The element By.id: volNormButton is not locatable anymore because its context has been garbage collected
	at io.appium.java_client.pagefactory.AppiumElementLocator.lambda$findElement$0(AppiumElementLocator.java:154)
	at java.base/java.util.Optional.orElseThrow(Optional.java:403)
	at io.appium.java_client.pagefactory.AppiumElementLocator.findElement(AppiumElementLocator.java:153)
	at io.appium.java_client.pagefactory.interceptors.InterceptorOfASingleElement.call(InterceptorOfASingleElement.java:64)
	at io.appium.java_client.proxy.Interceptor.intercept(Interceptor.java:78)
	at org.openqa.selenium.remote.RemoteWebElement$ByteBuddy$ymMA2Bzh.click(Unknown Source)
	at main.Core.findWebElementByIDAndClick(Core.java:94)
	at pages.NormButton.clickOnVolNorm(NormButton.java:30)
	at stepdefinition.VolNorm.iTapOnVolNorm(VolNorm.java:21)
	at ✽.I tap the VOL NORM button(file:///home/ubuntu/AfrobeatsAutomation/src/test/resources/features/6_volumeNorm.feature:6)

runScenario(main.CucumberRunner)  Time elapsed: 0.207 sec  <<< FAILURE!
java.lang.IllegalStateException: The element By.id: editPads is not locatable anymore because its context has been garbage collected
	at io.appium.java_client.pagefactory.AppiumElementLocator.lambda$findElement$0(AppiumElementLocator.java:154)
	at java.base/java.util.Optional.orElseThrow(Optional.java:403)
	at io.appium.java_client.pagefactory.AppiumElementLocator.findElement(AppiumElementLocator.java:153)
	at io.appium.java_client.pagefactory.interceptors.InterceptorOfASingleElement.call(InterceptorOfASingleElement.java:64)
	at io.appium.java_client.proxy.Interceptor.intercept(Interceptor.java:78)
	at org.openqa.selenium.remote.RemoteWebElement$ByteBuddy$9KWd9R1C.click(Unknown Source)
	at main.Core.findWebElementByIDAndClick(Core.java:94)
	at pages.EditMusicPad.clickEditPads(EditMusicPad.java:56)
	at stepdefinition.AddFreeSamples.iTapOnEditPad(AddFreeSamples.java:21)
	at ✽.I tap the Edit page(file:///home/ubuntu/AfrobeatsAutomation/src/test/resources/features/7_addFreeSamples.feature:5)

runScenario(main.CucumberRunner)  Time elapsed: 5.208 sec  <<< FAILURE!
java.lang.AssertionError: expected [true] but found [false]
	at org.testng.Assert.fail(Assert.java:111)
	at org.testng.Assert.failNotEquals(Assert.java:1578)
	at org.testng.Assert.assertTrue(Assert.java:57)
	at org.testng.Assert.assertTrue(Assert.java:67)
	at stepdefinition.StorePurchase.verifyCartCount(StorePurchase.java:22)
	at ✽.The assert the store button is showing store count 40(file:///home/ubuntu/AfrobeatsAutomation/src/test/resources/features/8_purchaseStoreItems.feature:6)

runScenario(main.CucumberRunner)  Time elapsed: 2.073 sec  <<< FAILURE!
java.lang.AssertionError: expected [true] but found [false]
	at org.testng.Assert.fail(Assert.java:111)
	at org.testng.Assert.failNotEquals(Assert.java:1578)
	at org.testng.Assert.assertTrue(Assert.java:57)
	at org.testng.Assert.assertTrue(Assert.java:67)
	at stepdefinition.TapTempo.verifyButtonDeactivated(TapTempo.java:35)
	at ✽.Tap tempo button should be deactivated(file:///home/ubuntu/AfrobeatsAutomation/src/test/resources/features/9_tapTempoButton.feature:8)

runScenario(main.CucumberRunner)  Time elapsed: 0.587 sec  <<< FAILURE!
java.lang.IllegalStateException: The element By.id: settingButton is not locatable anymore because its context has been garbage collected
	at io.appium.java_client.pagefactory.AppiumElementLocator.lambda$findElement$0(AppiumElementLocator.java:154)
	at java.base/java.util.Optional.orElseThrow(Optional.java:403)
	at io.appium.java_client.pagefactory.AppiumElementLocator.findElement(AppiumElementLocator.java:153)
	at io.appium.java_client.pagefactory.interceptors.InterceptorOfASingleElement.call(InterceptorOfASingleElement.java:64)
	at io.appium.java_client.proxy.Interceptor.intercept(Interceptor.java:78)
	at org.openqa.selenium.remote.RemoteWebElement$ByteBuddy$lhadLR0x.click(Unknown Source)
	at main.Core.findWebElementByIDAndClick(Core.java:94)
	at pages.MultipleSessions.multipleSessionSelected(MultipleSessions.java:39)
	at stepdefinition.AddMultipleSessions.tapOnMultipleSessions(AddMultipleSessions.java:18)
	at ✽.Tap on Multiple session button on the top right(file:///home/ubuntu/AfrobeatsAutomation/src/test/resources/features/multipleSessions.feature:6)

runScenario(main.CucumberRunner)  Time elapsed: 0.88 sec  <<< FAILURE!
java.lang.IllegalStateException: The element By.id: burgerMenu is not locatable anymore because its context has been garbage collected
	at io.appium.java_client.pagefactory.AppiumElementLocator.lambda$findElement$0(AppiumElementLocator.java:154)
	at java.base/java.util.Optional.orElseThrow(Optional.java:403)
	at io.appium.java_client.pagefactory.AppiumElementLocator.findElement(AppiumElementLocator.java:153)
	at io.appium.java_client.pagefactory.interceptors.InterceptorOfASingleElement.call(InterceptorOfASingleElement.java:64)
	at io.appium.java_client.proxy.Interceptor.intercept(Interceptor.java:78)
	at org.openqa.selenium.remote.RemoteWebElement$ByteBuddy$rzjHFA8k.click(Unknown Source)
	at main.Core.findWebElementByIDAndClick(Core.java:94)
	at pages.MultipleSessionsList.multipleSessionsList(MultipleSessionsList.java:38)
	at stepdefinition.VerifyMutipleSessions.tapOnMultipleSessions(VerifyMutipleSessions.java:17)
	at ✽.go to Multiple session page(file:///home/ubuntu/AfrobeatsAutomation/src/test/resources/features/playAllPads.feature:6)

runScenario(main.CucumberRunner)  Time elapsed: 0.031 sec  <<< FAILURE!
java.lang.AssertionError: null
	at org.junit.Assert.fail(Assert.java:87)
	at org.junit.Assert.assertTrue(Assert.java:42)
	at org.junit.Assert.assertTrue(Assert.java:53)
	at stepdefinition.PageTitle.verifyPageName(PageTitle.java:37)
	at ✽.Assert the Page name is African Kit(file:///home/ubuntu/AfrobeatsAutomation/src/test/resources/features/1_pageTitle.feature:7)

runScenario(main.CucumberRunner)  Time elapsed: 0.155 sec  <<< FAILURE!
java.lang.IllegalStateException: Elements By.id: musicPadIcon are not locatable anymore because their context has been garbage collected
	at io.appium.java_client.pagefactory.AppiumElementLocator.lambda$findElements$2(AppiumElementLocator.java:180)
	at java.base/java.util.Optional.orElseThrow(Optional.java:403)
	at io.appium.java_client.pagefactory.AppiumElementLocator.findElements(AppiumElementLocator.java:179)
	at io.appium.java_client.pagefactory.interceptors.InterceptorOfAListOfElements.call(InterceptorOfAListOfElements.java:46)
	at io.appium.java_client.proxy.Interceptor.intercept(Interceptor.java:78)
	at net.bytebuddy.renamed.java.util.ArrayList$ByteBuddy$Uszsbbz5.get(Unknown Source)
	at pages.MusicPad.playMusic(MusicPad.java:59)
	at stepdefinition.MusicPlayPause.iTapOnMusicPad(MusicPlayPause.java:23)
	at ✽.I tap on music pad(file:///home/ubuntu/AfrobeatsAutomation/src/test/resources/features/2_musicPlayPause.feature:7)

runScenario(main.CucumberRunner)  Time elapsed: 0.171 sec  <<< FAILURE!
java.lang.IllegalStateException: Elements By.id: musicPadIcon are not locatable anymore because their context has been garbage collected
	at io.appium.java_client.pagefactory.AppiumElementLocator.lambda$findElements$2(AppiumElementLocator.java:180)
	at java.base/java.util.Optional.orElseThrow(Optional.java:403)
	at io.appium.java_client.pagefactory.AppiumElementLocator.findElements(AppiumElementLocator.java:179)
	at io.appium.java_client.pagefactory.interceptors.InterceptorOfAListOfElements.call(InterceptorOfAListOfElements.java:46)
	at io.appium.java_client.proxy.Interceptor.intercept(Interceptor.java:78)
	at net.bytebuddy.renamed.java.util.ArrayList$ByteBuddy$tJtzTR1U.get(Unknown Source)
	at pages.MusicPad.playMusic(MusicPad.java:59)
	at stepdefinition.MusicPlayPause.iTapOnMusicPad(MusicPlayPause.java:23)
	at ✽.I tap on music pad(file:///home/ubuntu/AfrobeatsAutomation/src/test/resources/features/3_multipleMusicPlayPause.feature:6)

runScenario(main.CucumberRunner)  Time elapsed: 0.077 sec  <<< FAILURE!
java.lang.IllegalStateException: The element By.id: bpmValue is not locatable anymore because its context has been garbage collected
	at io.appium.java_client.pagefactory.AppiumElementLocator.lambda$findElement$0(AppiumElementLocator.java:154)
	at java.base/java.util.Optional.orElseThrow(Optional.java:403)
	at io.appium.java_client.pagefactory.AppiumElementLocator.findElement(AppiumElementLocator.java:153)
	at io.appium.java_client.pagefactory.interceptors.InterceptorOfASingleElement.call(InterceptorOfASingleElement.java:64)
	at io.appium.java_client.proxy.Interceptor.intercept(Interceptor.java:78)
	at org.openqa.selenium.remote.RemoteWebElement$ByteBuddy$YRSMBZ7Q.getText(Unknown Source)
	at main.Core.getText(Core.java:101)
	at pages.Slider.openSlider(Slider.java:30)
	at stepdefinition.SliderSteps.iTapOnNumberSlider(SliderSteps.java:21)
	at ✽.I tap on the number beside the green light on the top left(file:///home/ubuntu/AfrobeatsAutomation/src/test/resources/features/5_slider.feature:6)

runScenario(main.CucumberRunner)  Time elapsed: 0.029 sec  <<< FAILURE!
java.lang.IllegalStateException: The element By.id: volNormButton is not locatable anymore because its context has been garbage collected
	at io.appium.java_client.pagefactory.AppiumElementLocator.lambda$findElement$0(AppiumElementLocator.java:154)
	at java.base/java.util.Optional.orElseThrow(Optional.java:403)
	at io.appium.java_client.pagefactory.AppiumElementLocator.findElement(AppiumElementLocator.java:153)
	at io.appium.java_client.pagefactory.interceptors.InterceptorOfASingleElement.call(InterceptorOfASingleElement.java:64)
	at io.appium.java_client.proxy.Interceptor.intercept(Interceptor.java:78)
	at org.openqa.selenium.remote.RemoteWebElement$ByteBuddy$yKaAhjFR.click(Unknown Source)
	at main.Core.findWebElementByIDAndClick(Core.java:94)
	at pages.NormButton.clickOnVolNorm(NormButton.java:30)
	at stepdefinition.VolNorm.iTapOnVolNorm(VolNorm.java:21)
	at ✽.I tap the VOL NORM button(file:///home/ubuntu/AfrobeatsAutomation/src/test/resources/features/6_volumeNorm.feature:6)

runScenario(main.CucumberRunner)  Time elapsed: 0.137 sec  <<< FAILURE!
java.lang.IllegalStateException: The element By.id: editPads is not locatable anymore because its context has been garbage collected
	at io.appium.java_client.pagefactory.AppiumElementLocator.lambda$findElement$0(AppiumElementLocator.java:154)
	at java.base/java.util.Optional.orElseThrow(Optional.java:403)
	at io.appium.java_client.pagefactory.AppiumElementLocator.findElement(AppiumElementLocator.java:153)
	at io.appium.java_client.pagefactory.interceptors.InterceptorOfASingleElement.call(InterceptorOfASingleElement.java:64)
	at io.appium.java_client.proxy.Interceptor.intercept(Interceptor.java:78)
	at org.openqa.selenium.remote.RemoteWebElement$ByteBuddy$PIbvZIVb.click(Unknown Source)
	at main.Core.findWebElementByIDAndClick(Core.java:94)
	at pages.EditMusicPad.clickEditPads(EditMusicPad.java:56)
	at stepdefinition.AddFreeSamples.iTapOnEditPad(AddFreeSamples.java:21)
	at ✽.I tap the Edit page(file:///home/ubuntu/AfrobeatsAutomation/src/test/resources/features/7_addFreeSamples.feature:5)

runScenario(main.CucumberRunner)  Time elapsed: 5.108 sec  <<< FAILURE!
java.lang.AssertionError: expected [true] but found [false]
	at org.testng.Assert.fail(Assert.java:111)
	at org.testng.Assert.failNotEquals(Assert.java:1578)
	at org.testng.Assert.assertTrue(Assert.java:57)
	at org.testng.Assert.assertTrue(Assert.java:67)
	at stepdefinition.StorePurchase.verifyCartCount(StorePurchase.java:22)
	at ✽.The assert the store button is showing store count 40(file:///home/ubuntu/AfrobeatsAutomation/src/test/resources/features/8_purchaseStoreItems.feature:6)

runScenario(main.CucumberRunner)  Time elapsed: 2.057 sec  <<< FAILURE!
java.lang.AssertionError: expected [true] but found [false]
	at org.testng.Assert.fail(Assert.java:111)
	at org.testng.Assert.failNotEquals(Assert.java:1578)
	at org.testng.Assert.assertTrue(Assert.java:57)
	at org.testng.Assert.assertTrue(Assert.java:67)
	at stepdefinition.TapTempo.verifyButtonDeactivated(TapTempo.java:35)
	at ✽.Tap tempo button should be deactivated(file:///home/ubuntu/AfrobeatsAutomation/src/test/resources/features/9_tapTempoButton.feature:8)

runScenario(main.CucumberRunner)  Time elapsed: 0.447 sec  <<< FAILURE!
java.lang.IllegalStateException: The element By.id: settingButton is not locatable anymore because its context has been garbage collected
	at io.appium.java_client.pagefactory.AppiumElementLocator.lambda$findElement$0(AppiumElementLocator.java:154)
	at java.base/java.util.Optional.orElseThrow(Optional.java:403)
	at io.appium.java_client.pagefactory.AppiumElementLocator.findElement(AppiumElementLocator.java:153)
	at io.appium.java_client.pagefactory.interceptors.InterceptorOfASingleElement.call(InterceptorOfASingleElement.java:64)
	at io.appium.java_client.proxy.Interceptor.intercept(Interceptor.java:78)
	at org.openqa.selenium.remote.RemoteWebElement$ByteBuddy$VErV72xI.click(Unknown Source)
	at main.Core.findWebElementByIDAndClick(Core.java:94)
	at pages.MultipleSessions.multipleSessionSelected(MultipleSessions.java:39)
	at stepdefinition.AddMultipleSessions.tapOnMultipleSessions(AddMultipleSessions.java:18)
	at ✽.Tap on Multiple session button on the top right(file:///home/ubuntu/AfrobeatsAutomation/src/test/resources/features/multipleSessions.feature:6)

runScenario(main.CucumberRunner)  Time elapsed: 0.753 sec  <<< FAILURE!
java.lang.IllegalStateException: The element By.id: burgerMenu is not locatable anymore because its context has been garbage collected
	at io.appium.java_client.pagefactory.AppiumElementLocator.lambda$findElement$0(AppiumElementLocator.java:154)
	at java.base/java.util.Optional.orElseThrow(Optional.java:403)
	at io.appium.java_client.pagefactory.AppiumElementLocator.findElement(AppiumElementLocator.java:153)
	at io.appium.java_client.pagefactory.interceptors.InterceptorOfASingleElement.call(InterceptorOfASingleElement.java:64)
	at io.appium.java_client.proxy.Interceptor.intercept(Interceptor.java:78)
	at org.openqa.selenium.remote.RemoteWebElement$ByteBuddy$8OQZWJco.click(Unknown Source)
	at main.Core.findWebElementByIDAndClick(Core.java:94)
	at pages.MultipleSessionsList.multipleSessionsList(MultipleSessionsList.java:38)
	at stepdefinition.VerifyMutipleSessions.tapOnMultipleSessions(VerifyMutipleSessions.java:17)
	at ✽.go to Multiple session page(file:///home/ubuntu/AfrobeatsAutomation/src/test/resources/features/playAllPads.feature:6)

