<?xml version="1.0" encoding="UTF-8"?>
<testsuite name="main.CucumberRunner" time="0.399" tests="12" errors="0" skipped="11" failures="1">
  <properties>
[...]
</properties>
  <testcase name="openBroswer" classname="main.CucumberRunner" time="0.399">
    <failure message="&#10;Parameter &apos;browser&apos; is required by BeforeTest on method openBroswer but has not been marked @Optional or defined&#10;" type="org.testng.TestNGException">org.testng.TestNGException: 
Parameter 'browser' is required by BeforeTest on method openBroswer but has not been marked @Optional or defined

	at org.testng.internal.Parameters.createParams(Parameters.java:267)
	at org.testng.internal.Parameters.createParametersForMethod(Parameters.java:355)
	at org.testng.internal.Parameters.createParameters(Parameters.java:684)
	at org.testng.internal.Parameters.createConfigurationParameters(Parameters.java:166)
	at org.testng.internal.invokers.ConfigInvoker.invokeConfigurations(ConfigInvoker.java:306)
	at org.testng.TestRunner.invokeTestConfigurations(TestRunner.java:663)
	at org.testng.TestRunner.beforeRun(TestRunner.java:652)
	at org.testng.TestRunner.run(TestRunner.java:614)
	at org.testng.SuiteRunner.runTest(SuiteRunner.java:443)
	at org.testng.SuiteRunner.runSequentially(SuiteRunner.java:437)
	at org.testng.SuiteRunner.privateRun(SuiteRunner.java:397)
	at org.testng.SuiteRunner.run(SuiteRunner.java:336)
	at org.testng.SuiteRunnerWorker.runSuite(SuiteRunnerWorker.java:52)
	at org.testng.SuiteRunnerWorker.run(SuiteRunnerWorker.java:95)
	at org.testng.TestNG.runSuitesSequentially(TestNG.java:1280)
	at org.testng.TestNG.runSuitesLocally(TestNG.java:1200)
	at org.testng.TestNG.runSuites(TestNG.java:1114)
	at org.testng.TestNG.run(TestNG.java:1082)
	at org.apache.maven.surefire.testng.TestNGExecutor.run(TestNGExecutor.java:115)
	at org.apache.maven.surefire.testng.TestNGDirectoryTestSuite.executeSingleClass(TestNGDirectoryTestSuite.java:129)
	at org.apache.maven.surefire.testng.TestNGDirectoryTestSuite.execute(TestNGDirectoryTestSuite.java:113)
	at org.apache.maven.surefire.testng.TestNGProvider.invoke(TestNGProvider.java:111)
	at org.apache.maven.surefire.booter.ForkedBooter.invokeProviderInSameClassLoader(ForkedBooter.java:203)
	at org.apache.maven.surefire.booter.ForkedBooter.runSuitesInProcess(ForkedBooter.java:155)
	at org.apache.maven.surefire.booter.ForkedBooter.main(ForkedBooter.java:103)
</failure>
    <system-out><![CDATA[Configuring TestNG with: TestNG652Configurator
]]></system-out>
  </testcase>
  <testcase name="runScenario" classname="main.CucumberRunner" time="0">
    <skipped/>
  </testcase>
  <testcase name="runScenario" classname="main.CucumberRunner" time="0">
    <skipped/>
  </testcase>
  <testcase name="runScenario" classname="main.CucumberRunner" time="0">
    <skipped/>
  </testcase>
  <testcase name="runScenario" classname="main.CucumberRunner" time="0">
    <skipped/>
  </testcase>
  <testcase name="runScenario" classname="main.CucumberRunner" time="0">
    <skipped/>
  </testcase>
  <testcase name="runScenario" classname="main.CucumberRunner" time="0">
    <skipped/>
  </testcase>
  <testcase name="runScenario" classname="main.CucumberRunner" time="0">
    <skipped/>
  </testcase>
  <testcase name="runScenario" classname="main.CucumberRunner" time="0">
    <skipped/>
  </testcase>
  <testcase name="runScenario" classname="main.CucumberRunner" time="0">
    <skipped/>
  </testcase>
  <testcase name="runScenario" classname="main.CucumberRunner" time="0">
    <skipped/>
  </testcase>
  <testcase name="closebrowser" classname="main.CucumberRunner" time="0">
    <skipped/>
  </testcase>
</testsuite>