<?xml version="1.0" encoding="UTF-8"?>
<testsuite xmlns:xsi="http://www.w3.org/2001/XMLSchema-instance" xsi:noNamespaceSchemaLocation="https://maven.apache.org/surefire/maven-surefire-plugin/xsd/surefire-test-report-3.0.xsd" version="3.0" name="TestSuite" time="16.028" tests="10" errors="0" skipped="0" failures="10">
  <properties>
[...]
</properties>
  <testcase name="runScenario[&quot;When the application is launched, title should be &quot;African Kit&quot;&quot;, &quot;Title verification&quot;](1)" classname="main.CucumberRunner" time="3.503">
    <failure type="java.lang.AssertionError"><![CDATA[java.lang.AssertionError
	at org.junit.Assert.fail(Assert.java:87)
	at org.junit.Assert.assertTrue(Assert.java:42)
	at org.junit.Assert.assertTrue(Assert.java:53)
	at stepdefinition.PageTitle.verifyPageName(PageTitle.java:37)
	at ✽.Assert the Page name is African Kit(file:///home/ubuntu/AfrobeatsAutomation/src/test/resources/features/1_pageTitle.feature:8)
]]></failure>
    <system-out><![CDATA[02:00:58.166 [main] DEBUG org.testng.TestNG -- suiteXmlPath: "/home/ubuntu/AfrobeatsAutomation/testng.xml"
Exception: org.openqa.selenium.SessionNotCreatedException: Could not start a new session. Possible causes are invalid address of the remote server or browser start-up failure. 
Host info: host: 'chatllm-computer-15309a32a6-c6c9967c5-tfh5r', ip: '100.111.146.51'

@smoke @critical
Scenario: When the application is launched, title should be "African Kit" &amp#27;[90m# src/test/resources/features/1_pageTitle.feature:4&amp#27;[0m
Waiting for application to get launched
  &amp#27;[32mGiven &amp#27;[0m&amp#27;[32mI launch the App&amp#27;[0m                                                  &amp#27;[90m# stepdefinition.PageTitle.iLaunchTheApp()&amp#27;[0m
02:00:59.677 [TestNG-test=Run All Tests on Android-1] INFO stepdefinition.PageTitle -- Into App is launched
  &amp#27;[32mWhen &amp#27;[0m&amp#27;[32mApp is launched&amp#27;[0m                                                    &amp#27;[90m# stepdefinition.PageTitle.whenAppIsLaunched()&amp#27;[0m
Exception in verifyPageTitle: The element By.id: mainPageTitle is not locatable anymore because its context has been garbage collected
  &amp#27;[31mThen &amp#27;[0m&amp#27;[31mAssert the Page name is African Kit&amp#27;[0m                                &amp#27;[90m# stepdefinition.PageTitle.verifyPageName()&amp#27;[0m
      &amp#27;[31mjava.lang.AssertionError
	at org.junit.Assert.fail(Assert.java:87)
	at org.junit.Assert.assertTrue(Assert.java:42)
	at org.junit.Assert.assertTrue(Assert.java:53)
	at stepdefinition.PageTitle.verifyPageName(PageTitle.java:37)
	at ✽.Assert the Page name is African Kit(file:///home/ubuntu/AfrobeatsAutomation/src/test/resources/features/1_pageTitle.feature:8)
&amp#27;[0m
]]></system-out>
    <system-err><![CDATA[Jun 03, 2025 2:00:58 AM io.cucumber.core.options.CucumberPropertiesParser lambda$warnWhenCucumberOptionsIsUsed$2
WARNING: Passing commandline options via the property 'cucumber.options' is no longer supported. Please use individual properties instead. See the java doc on io.cucumber.core.options.Constants for details.
java.lang.IllegalStateException: The element By.id: mainPageTitle is not locatable anymore because its context has been garbage collected
	at io.appium.java_client.pagefactory.AppiumElementLocator.lambda$findElement$0(AppiumElementLocator.java:154)
	at java.base/java.util.Optional.orElseThrow(Optional.java:408)
	at io.appium.java_client.pagefactory.AppiumElementLocator.findElement(AppiumElementLocator.java:153)
	at io.appium.java_client.pagefactory.interceptors.InterceptorOfASingleElement.call(InterceptorOfASingleElement.java:64)
	at io.appium.java_client.proxy.Interceptor.intercept(Interceptor.java:78)
	at org.openqa.selenium.remote.RemoteWebElement$ByteBuddy$gmIY8tjR.getText(Unknown Source)
	at main.Core.getText(Core.java:110)
	at pages.MainScreenPage.verifyPageTitle(MainScreenPage.java:35)
	at stepdefinition.PageTitle.verifyPageName(PageTitle.java:37)
	at java.base/jdk.internal.reflect.NativeMethodAccessorImpl.invoke0(Native Method)
	at java.base/jdk.internal.reflect.NativeMethodAccessorImpl.invoke(NativeMethodAccessorImpl.java:62)
	at java.base/jdk.internal.reflect.DelegatingMethodAccessorImpl.invoke(DelegatingMethodAccessorImpl.java:43)
	at java.base/java.lang.reflect.Method.invoke(Method.java:566)
	at io.cucumber.java.Invoker.doInvoke(Invoker.java:66)
	at io.cucumber.java.Invoker.invoke(Invoker.java:24)
	at io.cucumber.java.AbstractGlueDefinition.invokeMethod(AbstractGlueDefinition.java:47)
	at io.cucumber.java.JavaStepDefinition.execute(JavaStepDefinition.java:29)
	at io.cucumber.core.runner.CoreStepDefinition.execute(CoreStepDefinition.java:66)
	at io.cucumber.core.runner.PickleStepDefinitionMatch.runStep(PickleStepDefinitionMatch.java:63)
	at io.cucumber.core.runner.ExecutionMode$1.execute(ExecutionMode.java:10)
	at io.cucumber.core.runner.TestStep.executeStep(TestStep.java:84)
	at io.cucumber.core.runner.TestStep.run(TestStep.java:56)
	at io.cucumber.core.runner.PickleStepTestStep.run(PickleStepTestStep.java:51)
	at io.cucumber.core.runner.TestCase.run(TestCase.java:84)
	at io.cucumber.core.runner.Runner.runPickle(Runner.java:75)
	at io.cucumber.testng.TestNGCucumberRunner.lambda$runScenario$1(TestNGCucumberRunner.java:132)
	at io.cucumber.core.runtime.CucumberExecutionContext.lambda$runTestCase$5(CucumberExecutionContext.java:137)
	at io.cucumber.core.runtime.RethrowingThrowableCollector.executeAndThrow(RethrowingThrowableCollector.java:23)
	at io.cucumber.core.runtime.CucumberExecutionContext.runTestCase(CucumberExecutionContext.java:137)
	at io.cucumber.testng.TestNGCucumberRunner.runScenario(TestNGCucumberRunner.java:129)
	at io.cucumber.testng.AbstractTestNGCucumberTests.runScenario(AbstractTestNGCucumberTests.java:35)
	at java.base/jdk.internal.reflect.NativeMethodAccessorImpl.invoke0(Native Method)
	at java.base/jdk.internal.reflect.NativeMethodAccessorImpl.invoke(NativeMethodAccessorImpl.java:62)
	at java.base/jdk.internal.reflect.DelegatingMethodAccessorImpl.invoke(DelegatingMethodAccessorImpl.java:43)
	at java.base/java.lang.reflect.Method.invoke(Method.java:566)
	at org.testng.internal.invokers.MethodInvocationHelper.invokeMethod(MethodInvocationHelper.java:139)
	at org.testng.internal.invokers.TestInvoker.invokeMethod(TestInvoker.java:664)
	at org.testng.internal.invokers.TestInvoker.invokeTestMethod(TestInvoker.java:227)
	at org.testng.internal.invokers.MethodRunner.runInSequence(MethodRunner.java:50)
	at org.testng.internal.invokers.TestInvoker$MethodInvocationAgent.invoke(TestInvoker.java:957)
	at org.testng.internal.invokers.TestInvoker.invokeTestMethods(TestInvoker.java:200)
	at org.testng.internal.invokers.TestMethodWorker.invokeTestMethods(TestMethodWorker.java:148)
	at org.testng.internal.invokers.TestMethodWorker.run(TestMethodWorker.java:128)
	at java.base/java.util.concurrent.ThreadPoolExecutor.runWorker(ThreadPoolExecutor.java:1128)
	at java.base/java.util.concurrent.ThreadPoolExecutor$Worker.run(ThreadPoolExecutor.java:628)
	at java.base/java.lang.Thread.run(Thread.java:829)
]]></system-err>
  </testcase>
  <testcase name="runScenario[&quot;When the music is played/paused, progress bar should be enabled/disabled&quot;, &quot;Play &amp; Pause Music&quot;](2)" classname="main.CucumberRunner" time="0.605">
    <failure message="Elements By.id: musicPadIcon are not locatable anymore because their context has been garbage collected" type="java.lang.IllegalStateException"><![CDATA[java.lang.IllegalStateException: Elements By.id: musicPadIcon are not locatable anymore because their context has been garbage collected
	at io.appium.java_client.pagefactory.AppiumElementLocator.lambda$findElements$2(AppiumElementLocator.java:180)
	at java.base/java.util.Optional.orElseThrow(Optional.java:408)
	at io.appium.java_client.pagefactory.AppiumElementLocator.findElements(AppiumElementLocator.java:179)
	at io.appium.java_client.pagefactory.interceptors.InterceptorOfAListOfElements.call(InterceptorOfAListOfElements.java:46)
	at io.appium.java_client.proxy.Interceptor.intercept(Interceptor.java:78)
	at net.bytebuddy.renamed.java.util.ArrayList$ByteBuddy$LYkLoN1g.get(Unknown Source)
	at pages.MusicPad.playMusic(MusicPad.java:72)
	at stepdefinition.MusicPlayPause.iTapOnMusicPad(MusicPlayPause.java:23)
	at ✽.I tap on music pad(file:///home/ubuntu/AfrobeatsAutomation/src/test/resources/features/2_musicPlayPause.feature:7)
]]></failure>
    <system-out><![CDATA[
Scenario: When the music is played/paused, progress bar should be enabled/disabled &amp#27;[90m# src/test/resources/features/2_musicPlayPause.feature:3&amp#27;[0m
Waiting for application to get launched
  &amp#27;[32mGiven &amp#27;[0m&amp#27;[32mI launch the App&amp#27;[0m                                                           &amp#27;[90m# stepdefinition.PageTitle.iLaunchTheApp()&amp#27;[0m
Elements By.id: trackNamePad are not locatable anymore because their context has been garbage collected
  &amp#27;[32mAnd &amp#27;[0m&amp#27;[32mI Tap to play and tap to stop playing each loaded pads&amp#27;[0m                       &amp#27;[90m# stepdefinition.MusicPlayPause.playandPauseAllTrack()&amp#27;[0m
Error clicking music pad: null
  &amp#27;[31mWhen &amp#27;[0m&amp#27;[31mI tap on music pad&amp#27;[0m                                                          &amp#27;[90m# stepdefinition.MusicPlayPause.iTapOnMusicPad()&amp#27;[0m
      &amp#27;[31mjava.lang.IllegalStateException: Elements By.id: musicPadIcon are not locatable anymore because their context has been garbage collected
	at io.appium.java_client.pagefactory.AppiumElementLocator.lambda$findElements$2(AppiumElementLocator.java:180)
	at java.base/java.util.Optional.orElseThrow(Optional.java:408)
	at io.appium.java_client.pagefactory.AppiumElementLocator.findElements(AppiumElementLocator.java:179)
	at io.appium.java_client.pagefactory.interceptors.InterceptorOfAListOfElements.call(InterceptorOfAListOfElements.java:46)
	at io.appium.java_client.proxy.Interceptor.intercept(Interceptor.java:78)
	at net.bytebuddy.renamed.java.util.ArrayList$ByteBuddy$LYkLoN1g.get(Unknown Source)
	at pages.MusicPad.playMusic(MusicPad.java:72)
	at stepdefinition.MusicPlayPause.iTapOnMusicPad(MusicPlayPause.java:23)
	at ✽.I tap on music pad(file:///home/ubuntu/AfrobeatsAutomation/src/test/resources/features/2_musicPlayPause.feature:7)
&amp#27;[0m
  &amp#27;[36mThen &amp#27;[0m&amp#27;[36mMusic should be played & progress bar should be displayed&amp#27;[0m                   &amp#27;[90m# stepdefinition.MusicPlayPause.musicShouldBePlayed()&amp#27;[0m
  &amp#27;[36mAnd &amp#27;[0m&amp#27;[36mI tap on pause&amp#27;[0m                                                               &amp#27;[90m# stepdefinition.MusicPlayPause.iTapOnPause()&amp#27;[0m
  &amp#27;[36mThen &amp#27;[0m&amp#27;[36mMusic should be paused & progress bar should be removed&amp#27;[0m                     &amp#27;[90m# stepdefinition.MusicPlayPause.musicShouldBePuased()&amp#27;[0m
]]></system-out>
  </testcase>
  <testcase name="runScenario[&quot;When the music is played/paused for multiple pads, play/pause buttons should be displayed accordingnly&quot;, &quot;Play &amp; Pause Music for multiple pads&quot;](3)" classname="main.CucumberRunner" time="0.431">
    <failure message="Elements By.id: musicPadIcon are not locatable anymore because their context has been garbage collected" type="java.lang.IllegalStateException"><![CDATA[java.lang.IllegalStateException: Elements By.id: musicPadIcon are not locatable anymore because their context has been garbage collected
	at io.appium.java_client.pagefactory.AppiumElementLocator.lambda$findElements$2(AppiumElementLocator.java:180)
	at java.base/java.util.Optional.orElseThrow(Optional.java:408)
	at io.appium.java_client.pagefactory.AppiumElementLocator.findElements(AppiumElementLocator.java:179)
	at io.appium.java_client.pagefactory.interceptors.InterceptorOfAListOfElements.call(InterceptorOfAListOfElements.java:46)
	at io.appium.java_client.proxy.Interceptor.intercept(Interceptor.java:78)
	at net.bytebuddy.renamed.java.util.ArrayList$ByteBuddy$OX8ffOk1.get(Unknown Source)
	at pages.MusicPad.playMusic(MusicPad.java:72)
	at stepdefinition.MusicPlayPause.iTapOnMusicPad(MusicPlayPause.java:23)
	at ✽.I tap on music pad(file:///home/ubuntu/AfrobeatsAutomation/src/test/resources/features/3_multipleMusicPlayPause.feature:6)
]]></failure>
    <system-out><![CDATA[
Scenario: When the music is played/paused for multiple pads, play/pause buttons should be displayed accordingnly &amp#27;[90m# src/test/resources/features/3_multipleMusicPlayPause.feature:3&amp#27;[0m
Waiting for application to get launched
  &amp#27;[32mGiven &amp#27;[0m&amp#27;[32mI launch the App&amp#27;[0m                                                                                         &amp#27;[90m# stepdefinition.PageTitle.iLaunchTheApp()&amp#27;[0m
Error clicking music pad: null
  &amp#27;[31mWhen &amp#27;[0m&amp#27;[31mI tap on music pad&amp#27;[0m                                                                                        &amp#27;[90m# stepdefinition.MusicPlayPause.iTapOnMusicPad()&amp#27;[0m
      &amp#27;[31mjava.lang.IllegalStateException: Elements By.id: musicPadIcon are not locatable anymore because their context has been garbage collected
	at io.appium.java_client.pagefactory.AppiumElementLocator.lambda$findElements$2(AppiumElementLocator.java:180)
	at java.base/java.util.Optional.orElseThrow(Optional.java:408)
	at io.appium.java_client.pagefactory.AppiumElementLocator.findElements(AppiumElementLocator.java:179)
	at io.appium.java_client.pagefactory.interceptors.InterceptorOfAListOfElements.call(InterceptorOfAListOfElements.java:46)
	at io.appium.java_client.proxy.Interceptor.intercept(Interceptor.java:78)
	at net.bytebuddy.renamed.java.util.ArrayList$ByteBuddy$OX8ffOk1.get(Unknown Source)
	at pages.MusicPad.playMusic(MusicPad.java:72)
	at stepdefinition.MusicPlayPause.iTapOnMusicPad(MusicPlayPause.java:23)
	at ✽.I tap on music pad(file:///home/ubuntu/AfrobeatsAutomation/src/test/resources/features/3_multipleMusicPlayPause.feature:6)
&amp#27;[0m
  &amp#27;[36mThen &amp#27;[0m&amp#27;[36mMusic should be played & progress bar should be displayed&amp#27;[0m                                                 &amp#27;[90m# stepdefinition.MusicPlayPause.musicShouldBePlayed()&amp#27;[0m
  &amp#27;[36mAnd &amp#27;[0m&amp#27;[36mI tap on 2nd music pad&amp#27;[0m                                                                                     &amp#27;[90m# stepdefinition.MusicPlayPause.iTapOnSecondPad()&amp#27;[0m
  &amp#27;[36mThen &amp#27;[0m&amp#27;[36mMusic should be played for 2nd pad&amp#27;[0m                                                                        &amp#27;[90m# stepdefinition.MusicPlayPause.musicMultiplePad()&amp#27;[0m
  &amp#27;[36mAnd &amp#27;[0m&amp#27;[36mI tap on pause for 2nd pad&amp#27;[0m                                                                                 &amp#27;[90m# stepdefinition.MusicPlayPause.iPasueSecondPad()&amp#27;[0m
  &amp#27;[36mThen &amp#27;[0m&amp#27;[36mMusic should be paused & progress bar should be removed&amp#27;[0m                                                   &amp#27;[90m# stepdefinition.MusicPlayPause.musicShouldBePuased()&amp#27;[0m
]]></system-out>
  </testcase>
  <testcase name="runScenario[&quot;On moving slider, values should be changed&quot;, &quot;Move slider&quot;](4)" classname="main.CucumberRunner" time="0.258">
    <failure message="The element By.id: bpmValue is not locatable anymore because its context has been garbage collected" type="java.lang.IllegalStateException"><![CDATA[java.lang.IllegalStateException: The element By.id: bpmValue is not locatable anymore because its context has been garbage collected
	at io.appium.java_client.pagefactory.AppiumElementLocator.lambda$findElement$0(AppiumElementLocator.java:154)
	at java.base/java.util.Optional.orElseThrow(Optional.java:408)
	at io.appium.java_client.pagefactory.AppiumElementLocator.findElement(AppiumElementLocator.java:153)
	at io.appium.java_client.pagefactory.interceptors.InterceptorOfASingleElement.call(InterceptorOfASingleElement.java:64)
	at io.appium.java_client.proxy.Interceptor.intercept(Interceptor.java:78)
	at org.openqa.selenium.remote.RemoteWebElement$ByteBuddy$PRMOOt7C.getText(Unknown Source)
	at main.Core.getText(Core.java:110)
	at pages.Slider.openSlider(Slider.java:30)
	at stepdefinition.SliderSteps.iTapOnNumberSlider(SliderSteps.java:21)
	at ✽.I tap on the number beside the green light on the top left(file:///home/ubuntu/AfrobeatsAutomation/src/test/resources/features/5_slider.feature:6)
]]></failure>
    <system-out><![CDATA[
Scenario: On moving slider, values should be changed                             &amp#27;[90m# src/test/resources/features/5_slider.feature:3&amp#27;[0m
Waiting for application to get launched
  &amp#27;[32mGiven &amp#27;[0m&amp#27;[32mI launch the App&amp#27;[0m                                                         &amp#27;[90m# stepdefinition.PageTitle.iLaunchTheApp()&amp#27;[0m
  &amp#27;[31mWhen &amp#27;[0m&amp#27;[31mI tap on the number beside the green light on the top left&amp#27;[0m                &amp#27;[90m# stepdefinition.SliderSteps.iTapOnNumberSlider()&amp#27;[0m
      &amp#27;[31mjava.lang.IllegalStateException: The element By.id: bpmValue is not locatable anymore because its context has been garbage collected
	at io.appium.java_client.pagefactory.AppiumElementLocator.lambda$findElement$0(AppiumElementLocator.java:154)
	at java.base/java.util.Optional.orElseThrow(Optional.java:408)
	at io.appium.java_client.pagefactory.AppiumElementLocator.findElement(AppiumElementLocator.java:153)
	at io.appium.java_client.pagefactory.interceptors.InterceptorOfASingleElement.call(InterceptorOfASingleElement.java:64)
	at io.appium.java_client.proxy.Interceptor.intercept(Interceptor.java:78)
	at org.openqa.selenium.remote.RemoteWebElement$ByteBuddy$PRMOOt7C.getText(Unknown Source)
	at main.Core.getText(Core.java:110)
	at pages.Slider.openSlider(Slider.java:30)
	at stepdefinition.SliderSteps.iTapOnNumberSlider(SliderSteps.java:21)
	at ✽.I tap on the number beside the green light on the top left(file:///home/ubuntu/AfrobeatsAutomation/src/test/resources/features/5_slider.feature:6)
&amp#27;[0m
  &amp#27;[36mThen &amp#27;[0m&amp#27;[36mI should see a slider pop up&amp#27;[0m                                              &amp#27;[90m# stepdefinition.SliderSteps.iShouldSeeSlider()&amp#27;[0m
  &amp#27;[36mAnd &amp#27;[0m&amp#27;[36mI "&amp#27;[0m&amp#27;[36m&amp#27;[1mincrease&amp#27;[0m&amp#27;[36m" slide to &amp#27;[0m&amp#27;[36m&amp#27;[1m170&amp#27;[0m&amp#27;[36m, I should see the same number reflect on the app&amp#27;[0m &amp#27;[90m# stepdefinition.SliderSteps.slideToNumner(java.lang.String,int)&amp#27;[0m
  &amp#27;[36mAnd &amp#27;[0m&amp#27;[36mI "&amp#27;[0m&amp#27;[36m&amp#27;[1mdecrease&amp#27;[0m&amp#27;[36m" slide to &amp#27;[0m&amp#27;[36m&amp#27;[1m90&amp#27;[0m&amp#27;[36m, I should see the same number reflect on the app&amp#27;[0m  &amp#27;[90m# stepdefinition.SliderSteps.slideToNumner(java.lang.String,int)&amp#27;[0m
  &amp#27;[36mAnd &amp#27;[0m&amp#27;[36mI tap on back button, slider pop up should close&amp#27;[0m                           &amp#27;[90m# stepdefinition.SliderSteps.goBack()&amp#27;[0m
]]></system-out>
  </testcase>
  <testcase name="runScenario[&quot;VOL NORM should be enabled/disabled&quot;, &quot;Vol Norm&quot;](5)" classname="main.CucumberRunner" time="0.099">
    <failure message="The element By.id: volNormButton is not locatable anymore because its context has been garbage collected" type="java.lang.IllegalStateException"><![CDATA[java.lang.IllegalStateException: The element By.id: volNormButton is not locatable anymore because its context has been garbage collected
	at io.appium.java_client.pagefactory.AppiumElementLocator.lambda$findElement$0(AppiumElementLocator.java:154)
	at java.base/java.util.Optional.orElseThrow(Optional.java:408)
	at io.appium.java_client.pagefactory.AppiumElementLocator.findElement(AppiumElementLocator.java:153)
	at io.appium.java_client.pagefactory.interceptors.InterceptorOfASingleElement.call(InterceptorOfASingleElement.java:64)
	at io.appium.java_client.proxy.Interceptor.intercept(Interceptor.java:78)
	at org.openqa.selenium.remote.RemoteWebElement$ByteBuddy$zBEwNlbI.click(Unknown Source)
	at main.Core.findWebElementByIDAndClick(Core.java:93)
	at pages.NormButton.clickOnVolNorm(NormButton.java:30)
	at stepdefinition.VolNorm.iTapOnVolNorm(VolNorm.java:21)
	at ✽.I tap the VOL NORM button(file:///home/ubuntu/AfrobeatsAutomation/src/test/resources/features/6_volumeNorm.feature:6)
]]></failure>
    <system-out><![CDATA[
Scenario: VOL NORM should be enabled/disabled &amp#27;[90m# src/test/resources/features/6_volumeNorm.feature:3&amp#27;[0m
Waiting for application to get launched
  &amp#27;[32mGiven &amp#27;[0m&amp#27;[32mI launch the App&amp#27;[0m                      &amp#27;[90m# stepdefinition.PageTitle.iLaunchTheApp()&amp#27;[0m
  &amp#27;[31mWhen &amp#27;[0m&amp#27;[31mI tap the VOL NORM button&amp#27;[0m              &amp#27;[90m# stepdefinition.VolNorm.iTapOnVolNorm()&amp#27;[0m
      &amp#27;[31mjava.lang.IllegalStateException: The element By.id: volNormButton is not locatable anymore because its context has been garbage collected
	at io.appium.java_client.pagefactory.AppiumElementLocator.lambda$findElement$0(AppiumElementLocator.java:154)
	at java.base/java.util.Optional.orElseThrow(Optional.java:408)
	at io.appium.java_client.pagefactory.AppiumElementLocator.findElement(AppiumElementLocator.java:153)
	at io.appium.java_client.pagefactory.interceptors.InterceptorOfASingleElement.call(InterceptorOfASingleElement.java:64)
	at io.appium.java_client.proxy.Interceptor.intercept(Interceptor.java:78)
	at org.openqa.selenium.remote.RemoteWebElement$ByteBuddy$zBEwNlbI.click(Unknown Source)
	at main.Core.findWebElementByIDAndClick(Core.java:93)
	at pages.NormButton.clickOnVolNorm(NormButton.java:30)
	at stepdefinition.VolNorm.iTapOnVolNorm(VolNorm.java:21)
	at ✽.I tap the VOL NORM button(file:///home/ubuntu/AfrobeatsAutomation/src/test/resources/features/6_volumeNorm.feature:6)
&amp#27;[0m
  &amp#27;[36mThen &amp#27;[0m&amp#27;[36massert the button is deactivated&amp#27;[0m       &amp#27;[90m# stepdefinition.VolNorm.verifyButtonUnchecked()&amp#27;[0m
  &amp#27;[36mAnd &amp#27;[0m&amp#27;[36mwhen I tap the button again&amp#27;[0m             &amp#27;[90m# stepdefinition.VolNorm.iTapButtonAgain()&amp#27;[0m
  &amp#27;[36mThen &amp#27;[0m&amp#27;[36massert the button is activated back&amp#27;[0m    &amp#27;[90m# stepdefinition.VolNorm.verifyButtonCheckedBack()&amp#27;[0m
]]></system-out>
    <system-err><![CDATA[The element By.id: volNormButton is not locatable anymore because its context has been garbage collected
]]></system-err>
  </testcase>
  <testcase name="runScenario[&quot;Free samples should be added to music pad&quot;, &quot;Add Free Samples&quot;](6)" classname="main.CucumberRunner" time="0.307">
    <failure message="The element By.id: editPads is not locatable anymore because its context has been garbage collected" type="java.lang.IllegalStateException"><![CDATA[java.lang.IllegalStateException: The element By.id: editPads is not locatable anymore because its context has been garbage collected
	at io.appium.java_client.pagefactory.AppiumElementLocator.lambda$findElement$0(AppiumElementLocator.java:154)
	at java.base/java.util.Optional.orElseThrow(Optional.java:408)
	at io.appium.java_client.pagefactory.AppiumElementLocator.findElement(AppiumElementLocator.java:153)
	at io.appium.java_client.pagefactory.interceptors.InterceptorOfASingleElement.call(InterceptorOfASingleElement.java:64)
	at io.appium.java_client.proxy.Interceptor.intercept(Interceptor.java:78)
	at org.openqa.selenium.remote.RemoteWebElement$ByteBuddy$1HhMItvY.click(Unknown Source)
	at main.Core.findWebElementByIDAndClick(Core.java:93)
	at pages.EditMusicPad.clickEditPads(EditMusicPad.java:61)
	at stepdefinition.AddFreeSamples.iTapOnEditPad(AddFreeSamples.java:21)
	at ✽.I tap the Edit page(file:///home/ubuntu/AfrobeatsAutomation/src/test/resources/features/7_addFreeSamples.feature:5)
]]></failure>
    <system-out><![CDATA[
Scenario: Free samples should be added to music pad                                                                                                                                                                &amp#27;[90m# src/test/resources/features/7_addFreeSamples.feature:3&amp#27;[0m
Waiting for application to get launched
  &amp#27;[32mGiven &amp#27;[0m&amp#27;[32mI launch the App&amp#27;[0m                                                                                                                                                                                           &amp#27;[90m# stepdefinition.PageTitle.iLaunchTheApp()&amp#27;[0m
02:01:04.389 [TestNG-test=Run All Tests on Android-1] INFO main.Core -- Finding the Element with Xpath - com.suenare.iafrobeats.afrobeats:id/txt_editPad
Error finding and clicking element with ID com.suenare.iafrobeats.afrobeats:id/txt_editPad: Input must be set
Error clicking edit pads: Input must be set
  &amp#27;[31mWhen &amp#27;[0m&amp#27;[31mI tap the Edit page&amp#27;[0m                                                                                                                                                                                         &amp#27;[90m# stepdefinition.AddFreeSamples.iTapOnEditPad()&amp#27;[0m
      &amp#27;[31mjava.lang.IllegalStateException: The element By.id: editPads is not locatable anymore because its context has been garbage collected
	at io.appium.java_client.pagefactory.AppiumElementLocator.lambda$findElement$0(AppiumElementLocator.java:154)
	at java.base/java.util.Optional.orElseThrow(Optional.java:408)
	at io.appium.java_client.pagefactory.AppiumElementLocator.findElement(AppiumElementLocator.java:153)
	at io.appium.java_client.pagefactory.interceptors.InterceptorOfASingleElement.call(InterceptorOfASingleElement.java:64)
	at io.appium.java_client.proxy.Interceptor.intercept(Interceptor.java:78)
	at org.openqa.selenium.remote.RemoteWebElement$ByteBuddy$1HhMItvY.click(Unknown Source)
	at main.Core.findWebElementByIDAndClick(Core.java:93)
	at pages.EditMusicPad.clickEditPads(EditMusicPad.java:61)
	at stepdefinition.AddFreeSamples.iTapOnEditPad(AddFreeSamples.java:21)
	at ✽.I tap the Edit page(file:///home/ubuntu/AfrobeatsAutomation/src/test/resources/features/7_addFreeSamples.feature:5)
&amp#27;[0m
  &amp#27;[36mThen &amp#27;[0m&amp#27;[36mI should see the edit page show a Free Samples folder&amp#27;[0m                                                                                                                                                       &amp#27;[90m# stepdefinition.AddFreeSamples.verifyFolderDisplayed()&amp#27;[0m
  &amp#27;[36mAnd &amp#27;[0m&amp#27;[36mI tap to open the folder&amp#27;[0m                                                                                                                                                                                     &amp#27;[90m# stepdefinition.AddFreeSamples.openFolder()&amp#27;[0m
  &amp#27;[36mThen &amp#27;[0m&amp#27;[36mI can see audio contents of the folder&amp#27;[0m                                                                                                                                                                      &amp#27;[90m# stepdefinition.AddFreeSamples.seeAudioContent()&amp#27;[0m
  &amp#27;[36mWhen &amp#27;[0m&amp#27;[36mI tap an empty virtual pad and I tap the first audio content in the Free Samples folder and assert the name of the audio content loaded is the same name of the audio content lapped in free sample folder.&amp#27;[0m &amp#27;[90m# stepdefinition.AddFreeSamples.tapOnEmptyPAD()&amp#27;[0m
  &amp#27;[36mThen &amp#27;[0m&amp#27;[36mTap the Edit Pad button again&amp#27;[0m                                                                                                                                                                               &amp#27;[90m# stepdefinition.AddFreeSamples.tapOnEditPad()&amp#27;[0m
  &amp#27;[36mThen &amp#27;[0m&amp#27;[36mtap to play and tap to stop each loaded pads Assert I can see all icons and each loaded pads are playing audio.&amp#27;[0m                                                                                             &amp#27;[90m# stepdefinition.AddFreeSamples.playAllLoadedMusic()&amp#27;[0m
]]></system-out>
  </testcase>
  <testcase name="runScenario[&quot;Cart Items should be successfully purchase from Store Screen.&quot;, &quot;purchase Store Items&quot;](7)" classname="main.CucumberRunner" time="5.233">
    <failure message="expected [true] but found [false]" type="java.lang.AssertionError"><![CDATA[java.lang.AssertionError: expected [true] but found [false]
	at org.testng.Assert.fail(Assert.java:111)
	at org.testng.Assert.failNotEquals(Assert.java:1578)
	at org.testng.Assert.assertTrue(Assert.java:57)
	at org.testng.Assert.assertTrue(Assert.java:67)
	at stepdefinition.StorePurchase.verifyCartCount(StorePurchase.java:22)
	at ✽.The assert the store button is showing store count 40(file:///home/ubuntu/AfrobeatsAutomation/src/test/resources/features/8_purchaseStoreItems.feature:6)
]]></failure>
    <system-out><![CDATA[
Scenario: Cart Items should be successfully purchase from Store Screen.            &amp#27;[90m# src/test/resources/features/8_purchaseStoreItems.feature:4&amp#27;[0m
Waiting for application to get launched
  &amp#27;[32mGiven &amp#27;[0m&amp#27;[32mI launch the App&amp#27;[0m                                                           &amp#27;[90m# stepdefinition.PageTitle.iLaunchTheApp()&amp#27;[0m
The element By.id: btnCartCount is not locatable anymore because its context has been garbage collected
  &amp#27;[31mAnd &amp#27;[0m&amp#27;[31mThe assert the store button is showing store count 40&amp#27;[0m                        &amp#27;[90m# stepdefinition.StorePurchase.verifyCartCount()&amp#27;[0m
      &amp#27;[31mjava.lang.AssertionError: expected [true] but found [false]
	at org.testng.Assert.fail(Assert.java:111)
	at org.testng.Assert.failNotEquals(Assert.java:1578)
	at org.testng.Assert.assertTrue(Assert.java:57)
	at org.testng.Assert.assertTrue(Assert.java:67)
	at stepdefinition.StorePurchase.verifyCartCount(StorePurchase.java:22)
	at ✽.The assert the store button is showing store count 40(file:///home/ubuntu/AfrobeatsAutomation/src/test/resources/features/8_purchaseStoreItems.feature:6)
&amp#27;[0m
  &amp#27;[36mWhen &amp#27;[0m&amp#27;[36mI tap on the store count&amp#27;[0m                                                    &amp#27;[90m# stepdefinition.StorePurchase.tapCartButton()&amp#27;[0m
  &amp#27;[36mThen &amp#27;[0m&amp#27;[36mI see the store page&amp#27;[0m                                                        &amp#27;[90m# stepdefinition.StorePurchase.verifyStorePage()&amp#27;[0m
  &amp#27;[36mAnd &amp#27;[0m&amp#27;[36mI should see 40 items in list&amp#27;[0m                                                &amp#27;[90m# stepdefinition.StorePurchase.verifyItemList()&amp#27;[0m
  &amp#27;[36mThen &amp#27;[0m&amp#27;[36mI refresh the page&amp#27;[0m                                                          &amp#27;[90m# stepdefinition.StorePurchase.refreshList()&amp#27;[0m
  &amp#27;[36mWhen &amp#27;[0m&amp#27;[36mI tap on RESTORE PURCHASES button and purchase all items&amp#27;[0m                    &amp#27;[90m# stepdefinition.StorePurchase.restorePurchase()&amp#27;[0m
  &amp#27;[36mThen &amp#27;[0m&amp#27;[36mExit Store page and Go to Edit Page&amp#27;[0m                                         &amp#27;[90m# stepdefinition.StorePurchase.navigateToEditPage()&amp#27;[0m
  &amp#27;[36mThen &amp#27;[0m&amp#27;[36mAssert all Folder names showing are all contents downloaded from Store page&amp#27;[0m &amp#27;[90m# stepdefinition.StorePurchase.verifyListOnEditPads()&amp#27;[0m
]]></system-out>
  </testcase>
  <testcase name="runScenario[&quot;TAP TEMPO Button should be deactivated after tapping on that mutiple times&quot;, &quot;tap on TAP TEMPO Button Multiple times&quot;](8)" classname="main.CucumberRunner" time="2.099">
    <failure message="expected [true] but found [false]" type="java.lang.AssertionError"><![CDATA[java.lang.AssertionError: expected [true] but found [false]
	at org.testng.Assert.fail(Assert.java:111)
	at org.testng.Assert.failNotEquals(Assert.java:1578)
	at org.testng.Assert.assertTrue(Assert.java:57)
	at org.testng.Assert.assertTrue(Assert.java:67)
	at stepdefinition.TapTempo.verifyButtonDeactivated(TapTempo.java:35)
	at ✽.Tap tempo button should be deactivated(file:///home/ubuntu/AfrobeatsAutomation/src/test/resources/features/9_tapTempoButton.feature:8)
]]></failure>
    <system-out><![CDATA[
Scenario: TAP TEMPO Button should be deactivated after tapping on that mutiple times &amp#27;[90m# src/test/resources/features/9_tapTempoButton.feature:4&amp#27;[0m
Waiting for application to get launched
  &amp#27;[32mGiven &amp#27;[0m&amp#27;[32mI launch the App&amp#27;[0m                                                             &amp#27;[90m# stepdefinition.PageTitle.iLaunchTheApp()&amp#27;[0m
The element By.id: settingButton is not locatable anymore because its context has been garbage collected
  &amp#27;[32mWhen &amp#27;[0m&amp#27;[32mI enable Tap Tempo button from Settings&amp#27;[0m                                       &amp#27;[90m# stepdefinition.TapTempo.enableTapTempo()&amp#27;[0m
The element By.id: bpmValue is not locatable anymore because its context has been garbage collected
  &amp#27;[32mWhen &amp#27;[0m&amp#27;[32mI tap on Tap Tempo button multiple times&amp#27;[0m                                      &amp#27;[90m# stepdefinition.TapTempo.iTapOnTapTempoButton()&amp#27;[0m
The element By.id: bpmValue is not locatable anymore because its context has been garbage collected
  &amp#27;[31mThen &amp#27;[0m&amp#27;[31mTap tempo button should be deactivated&amp#27;[0m                                        &amp#27;[90m# stepdefinition.TapTempo.verifyButtonDeactivated()&amp#27;[0m
      &amp#27;[31mjava.lang.AssertionError: expected [true] but found [false]
	at org.testng.Assert.fail(Assert.java:111)
	at org.testng.Assert.failNotEquals(Assert.java:1578)
	at org.testng.Assert.assertTrue(Assert.java:57)
	at org.testng.Assert.assertTrue(Assert.java:67)
	at stepdefinition.TapTempo.verifyButtonDeactivated(TapTempo.java:35)
	at ✽.Tap tempo button should be deactivated(file:///home/ubuntu/AfrobeatsAutomation/src/test/resources/features/9_tapTempoButton.feature:8)
&amp#27;[0m
]]></system-out>
  </testcase>
  <testcase name="runScenario[&quot;Multiple sessions should be added to music pad&quot;, &quot;Add Multiple Sessions&quot;](9)" classname="main.CucumberRunner" time="0.738">
    <failure message="The element By.id: settingButton is not locatable anymore because its context has been garbage collected" type="java.lang.IllegalStateException"><![CDATA[java.lang.IllegalStateException: The element By.id: settingButton is not locatable anymore because its context has been garbage collected
	at io.appium.java_client.pagefactory.AppiumElementLocator.lambda$findElement$0(AppiumElementLocator.java:154)
	at java.base/java.util.Optional.orElseThrow(Optional.java:408)
	at io.appium.java_client.pagefactory.AppiumElementLocator.findElement(AppiumElementLocator.java:153)
	at io.appium.java_client.pagefactory.interceptors.InterceptorOfASingleElement.call(InterceptorOfASingleElement.java:64)
	at io.appium.java_client.proxy.Interceptor.intercept(Interceptor.java:78)
	at org.openqa.selenium.remote.RemoteWebElement$ByteBuddy$hCsqjmXj.click(Unknown Source)
	at main.Core.findWebElementByIDAndClick(Core.java:93)
	at pages.MultipleSessions.multipleSessionSelected(MultipleSessions.java:50)
	at stepdefinition.AddMultipleSessions.tapOnMultipleSessions(AddMultipleSessions.java:18)
	at ✽.Tap on Multiple session button on the top right(file:///home/ubuntu/AfrobeatsAutomation/src/test/resources/features/multipleSessions.feature:6)
]]></failure>
    <system-out><![CDATA[
Scenario: Multiple sessions should be added to music pad                           &amp#27;[90m# src/test/resources/features/multipleSessions.feature:3&amp#27;[0m
Waiting for application to get launched
  &amp#27;[32mGiven &amp#27;[0m&amp#27;[32mI launch the App&amp#27;[0m                                                           &amp#27;[90m# stepdefinition.PageTitle.iLaunchTheApp()&amp#27;[0m
02:01:12.461 [TestNG-test=Run All Tests on Android-1] INFO main.Core -- Finding the Element with Xpath - com.suenare.iafrobeats.afrobeats:id/img_setting
Error finding and clicking element with ID com.suenare.iafrobeats.afrobeats:id/img_setting: Input must be set
Error in multipleSessionSelected: Input must be set
  &amp#27;[31mThen &amp#27;[0m&amp#27;[31mTap on Multiple session button on the top right&amp#27;[0m                             &amp#27;[90m# stepdefinition.AddMultipleSessions.tapOnMultipleSessions()&amp#27;[0m
      &amp#27;[31mjava.lang.IllegalStateException: The element By.id: settingButton is not locatable anymore because its context has been garbage collected
	at io.appium.java_client.pagefactory.AppiumElementLocator.lambda$findElement$0(AppiumElementLocator.java:154)
	at java.base/java.util.Optional.orElseThrow(Optional.java:408)
	at io.appium.java_client.pagefactory.AppiumElementLocator.findElement(AppiumElementLocator.java:153)
	at io.appium.java_client.pagefactory.interceptors.InterceptorOfASingleElement.call(InterceptorOfASingleElement.java:64)
	at io.appium.java_client.proxy.Interceptor.intercept(Interceptor.java:78)
	at org.openqa.selenium.remote.RemoteWebElement$ByteBuddy$hCsqjmXj.click(Unknown Source)
	at main.Core.findWebElementByIDAndClick(Core.java:93)
	at pages.MultipleSessions.multipleSessionSelected(MultipleSessions.java:50)
	at stepdefinition.AddMultipleSessions.tapOnMultipleSessions(AddMultipleSessions.java:18)
	at ✽.Tap on Multiple session button on the top right(file:///home/ubuntu/AfrobeatsAutomation/src/test/resources/features/multipleSessions.feature:6)
&amp#27;[0m
  &amp#27;[36mAnd &amp#27;[0m&amp#27;[36mTap the plus icon create a new Sessions, edit page & repeat scenario &amp#27;[0m&amp#27;[36m&amp#27;[1m5&amp#27;[0m&amp#27;[36m times&amp#27;[0m &amp#27;[90m# stepdefinition.AddMultipleSessions.addSession(int)&amp#27;[0m
]]></system-out>
  </testcase>
  <testcase name="runScenario[&quot;All created sessiond should be listed in Session screen and Play and Pause for each loaded pads on each sessions pages&quot;, &quot;Verify all added Sessions&quot;](10)" classname="main.CucumberRunner" time="1.113">
    <failure message="The element By.id: burgerMenu is not locatable anymore because its context has been garbage collected" type="java.lang.IllegalStateException"><![CDATA[java.lang.IllegalStateException: The element By.id: burgerMenu is not locatable anymore because its context has been garbage collected
	at io.appium.java_client.pagefactory.AppiumElementLocator.lambda$findElement$0(AppiumElementLocator.java:154)
	at java.base/java.util.Optional.orElseThrow(Optional.java:408)
	at io.appium.java_client.pagefactory.AppiumElementLocator.findElement(AppiumElementLocator.java:153)
	at io.appium.java_client.pagefactory.interceptors.InterceptorOfASingleElement.call(InterceptorOfASingleElement.java:64)
	at io.appium.java_client.proxy.Interceptor.intercept(Interceptor.java:78)
	at org.openqa.selenium.remote.RemoteWebElement$ByteBuddy$jlQgm5n0.click(Unknown Source)
	at main.Core.findWebElementByIDAndClick(Core.java:93)
	at pages.MultipleSessionsList.multipleSessionsList(MultipleSessionsList.java:46)
	at stepdefinition.VerifyMutipleSessions.tapOnMultipleSessions(VerifyMutipleSessions.java:17)
	at ✽.go to Multiple session page(file:///home/ubuntu/AfrobeatsAutomation/src/test/resources/features/playAllPads.feature:6)
]]></failure>
    <system-out><![CDATA[
Scenario: All created sessiond should be listed in Session screen and Play and Pause for each loaded pads on each sessions pages &amp#27;[90m# src/test/resources/features/playAllPads.feature:3&amp#27;[0m
Waiting for application to get launched
  &amp#27;[32mGiven &amp#27;[0m&amp#27;[32mI launch the App&amp#27;[0m                                                                                                         &amp#27;[90m# stepdefinition.PageTitle.iLaunchTheApp()&amp#27;[0m
02:01:13.575 [TestNG-test=Run All Tests on Android-1] INFO main.Core -- Finding the Element with Xpath - com.suenare.iafrobeats.afrobeats:id/img_menu
Error finding and clicking element with ID com.suenare.iafrobeats.afrobeats:id/img_menu: Input must be set
Error in multipleSessionsList: Input must be set
  &amp#27;[31mThen &amp#27;[0m&amp#27;[31mgo to Multiple session page&amp#27;[0m                                                                                               &amp#27;[90m# stepdefinition.VerifyMutipleSessions.tapOnMultipleSessions()&amp#27;[0m
      &amp#27;[31mjava.lang.IllegalStateException: The element By.id: burgerMenu is not locatable anymore because its context has been garbage collected
	at io.appium.java_client.pagefactory.AppiumElementLocator.lambda$findElement$0(AppiumElementLocator.java:154)
	at java.base/java.util.Optional.orElseThrow(Optional.java:408)
	at io.appium.java_client.pagefactory.AppiumElementLocator.findElement(AppiumElementLocator.java:153)
	at io.appium.java_client.pagefactory.interceptors.InterceptorOfASingleElement.call(InterceptorOfASingleElement.java:64)
	at io.appium.java_client.proxy.Interceptor.intercept(Interceptor.java:78)
	at org.openqa.selenium.remote.RemoteWebElement$ByteBuddy$jlQgm5n0.click(Unknown Source)
	at main.Core.findWebElementByIDAndClick(Core.java:93)
	at pages.MultipleSessionsList.multipleSessionsList(MultipleSessionsList.java:46)
	at stepdefinition.VerifyMutipleSessions.tapOnMultipleSessions(VerifyMutipleSessions.java:17)
	at ✽.go to Multiple session page(file:///home/ubuntu/AfrobeatsAutomation/src/test/resources/features/playAllPads.feature:6)
&amp#27;[0m
  &amp#27;[36mAnd &amp#27;[0m&amp#27;[36mVerify All Created session are listed and Play each loaded pads on each sessions pages and stop playing all playing pads&amp#27;[0m   &amp#27;[90m# stepdefinition.VerifyMutipleSessions.addSession()&amp#27;[0m
]]></system-out>
  </testcase>
</testsuite>