<?xml version="1.0" encoding="UTF-8"?>
<!-- Generated by org.testng.reporters.JUnitReportReporter -->
<testsuite hostname="chatllm-computer-15309a32a6-569698c75c-l7t6h" failures="0" tests="11" name="main.CucumberRunner" time="-1748869504.000" errors="1" timestamp="2025-06-02T13:04:47 UTC" skipped="10">
  <testcase classname="main.CucumberRunner" name="runScenario" time="0.000">
    <skipped/>
  </testcase> <!-- runScenario -->
  <testcase classname="main.CucumberRunner" name="runScenario" time="0.000">
    <skipped/>
  </testcase> <!-- runScenario -->
  <testcase classname="main.CucumberRunner" name="runScenario" time="0.000">
    <skipped/>
  </testcase> <!-- runScenario -->
  <testcase classname="main.CucumberRunner" name="runScenario" time="0.000">
    <skipped/>
  </testcase> <!-- runScenario -->
  <testcase classname="main.CucumberRunner" name="runScenario" time="0.000">
    <skipped/>
  </testcase> <!-- runScenario -->
  <testcase classname="main.CucumberRunner" name="runScenario" time="0.000">
    <skipped/>
  </testcase> <!-- runScenario -->
  <testcase classname="main.CucumberRunner" name="runScenario" time="0.000">
    <skipped/>
  </testcase> <!-- runScenario -->
  <testcase classname="main.CucumberRunner" name="runScenario" time="0.000">
    <skipped/>
  </testcase> <!-- runScenario -->
  <testcase classname="main.CucumberRunner" name="runScenario" time="0.000">
    <skipped/>
  </testcase> <!-- runScenario -->
  <testcase classname="main.CucumberRunner" name="openBroswer" time="-1748869504.000">
    <error message="
Parameter &#039;browser&#039; is required by BeforeTest on method openBroswer but has not been marked @Optional or defined
" type="org.testng.TestNGException">
      <![CDATA[org.testng.TestNGException: 
Parameter 'browser' is required by BeforeTest on method openBroswer but has not been marked @Optional or defined

at org.testng.internal.Parameters.createParams(Parameters.java:267)
at org.testng.internal.Parameters.createParametersForMethod(Parameters.java:355)
at org.testng.internal.Parameters.createParameters(Parameters.java:684)
at org.testng.internal.Parameters.createConfigurationParameters(Parameters.java:166)
at org.testng.internal.invokers.ConfigInvoker.invokeConfigurations(ConfigInvoker.java:306)
at org.testng.TestRunner.invokeTestConfigurations(TestRunner.java:663)
at org.testng.TestRunner.beforeRun(TestRunner.java:652)
at org.testng.TestRunner.run(TestRunner.java:614)
at org.testng.SuiteRunner.runTest(SuiteRunner.java:443)
at org.testng.SuiteRunner.runSequentially(SuiteRunner.java:437)
at org.testng.SuiteRunner.privateRun(SuiteRunner.java:397)
at org.testng.SuiteRunner.run(SuiteRunner.java:336)
at org.testng.SuiteRunnerWorker.runSuite(SuiteRunnerWorker.java:52)
at org.testng.SuiteRunnerWorker.run(SuiteRunnerWorker.java:95)
at org.testng.TestNG.runSuitesSequentially(TestNG.java:1280)
at org.testng.TestNG.runSuitesLocally(TestNG.java:1200)
at org.testng.TestNG.runSuites(TestNG.java:1114)
at org.testng.TestNG.run(TestNG.java:1082)
at org.apache.maven.surefire.testng.TestNGExecutor.run(TestNGExecutor.java:115)
at org.apache.maven.surefire.testng.TestNGDirectoryTestSuite.executeSingleClass(TestNGDirectoryTestSuite.java:129)
at org.apache.maven.surefire.testng.TestNGDirectoryTestSuite.execute(TestNGDirectoryTestSuite.java:113)
at org.apache.maven.surefire.testng.TestNGProvider.invoke(TestNGProvider.java:111)
at org.apache.maven.surefire.booter.ForkedBooter.invokeProviderInSameClassLoader(ForkedBooter.java:203)
at org.apache.maven.surefire.booter.ForkedBooter.runSuitesInProcess(ForkedBooter.java:155)
at org.apache.maven.surefire.booter.ForkedBooter.main(ForkedBooter.java:103)
]]>
    </error>
  </testcase> <!-- openBroswer -->
  <testcase classname="main.CucumberRunner" name="runScenario" time="0.000">
    <skipped/>
  </testcase> <!-- runScenario -->
</testsuite> <!-- main.CucumberRunner -->
