<?xml version="1.0" encoding="UTF-8"?>
<!-- Generated by org.testng.reporters.JUnitReportReporter -->
<testsuite hostname="chatllm-computer-15309a32a6-c6c9967c5-tfh5r" failures="3" tests="10" name="main.CucumberRunner" time="14.379" errors="7" timestamp="2025-06-03T02:01:14 UTC" skipped="0">
  <testcase classname="main.CucumberRunner" name="runScenario" time="0.430">
    <error message="Elements By.id: musicPadIcon are not locatable anymore because their context has been garbage collected" type="java.lang.IllegalStateException">
      <![CDATA[java.lang.IllegalStateException: Elements By.id: musicPadIcon are not locatable anymore because their context has been garbage collected
at io.appium.java_client.pagefactory.AppiumElementLocator.lambda$findElements$2(AppiumElementLocator.java:180)
at java.base/java.util.Optional.orElseThrow(Optional.java:408)
at io.appium.java_client.pagefactory.AppiumElementLocator.findElements(AppiumElementLocator.java:179)
at io.appium.java_client.pagefactory.interceptors.InterceptorOfAListOfElements.call(InterceptorOfAListOfElements.java:46)
at io.appium.java_client.proxy.Interceptor.intercept(Interceptor.java:78)
at net.bytebuddy.renamed.java.util.ArrayList$ByteBuddy$OX8ffOk1.get(Unknown Source)
at pages.MusicPad.playMusic(MusicPad.java:72)
at stepdefinition.MusicPlayPause.iTapOnMusicPad(MusicPlayPause.java:23)
at ✽.I tap on music pad(file:///home/ubuntu/AfrobeatsAutomation/src/test/resources/features/3_multipleMusicPlayPause.feature:6)
]]>
    </error>
  </testcase> <!-- runScenario -->
  <testcase classname="main.CucumberRunner" name="runScenario" time="0.257">
    <error message="The element By.id: bpmValue is not locatable anymore because its context has been garbage collected" type="java.lang.IllegalStateException">
      <![CDATA[java.lang.IllegalStateException: The element By.id: bpmValue is not locatable anymore because its context has been garbage collected
at io.appium.java_client.pagefactory.AppiumElementLocator.lambda$findElement$0(AppiumElementLocator.java:154)
at java.base/java.util.Optional.orElseThrow(Optional.java:408)
at io.appium.java_client.pagefactory.AppiumElementLocator.findElement(AppiumElementLocator.java:153)
at io.appium.java_client.pagefactory.interceptors.InterceptorOfASingleElement.call(InterceptorOfASingleElement.java:64)
at io.appium.java_client.proxy.Interceptor.intercept(Interceptor.java:78)
at org.openqa.selenium.remote.RemoteWebElement$ByteBuddy$PRMOOt7C.getText(Unknown Source)
at main.Core.getText(Core.java:110)
at pages.Slider.openSlider(Slider.java:30)
at stepdefinition.SliderSteps.iTapOnNumberSlider(SliderSteps.java:21)
at ✽.I tap on the number beside the green light on the top left(file:///home/ubuntu/AfrobeatsAutomation/src/test/resources/features/5_slider.feature:6)
]]>
    </error>
  </testcase> <!-- runScenario -->
  <testcase classname="main.CucumberRunner" name="runScenario" time="1.114">
    <error message="The element By.id: burgerMenu is not locatable anymore because its context has been garbage collected" type="java.lang.IllegalStateException">
      <![CDATA[java.lang.IllegalStateException: The element By.id: burgerMenu is not locatable anymore because its context has been garbage collected
at io.appium.java_client.pagefactory.AppiumElementLocator.lambda$findElement$0(AppiumElementLocator.java:154)
at java.base/java.util.Optional.orElseThrow(Optional.java:408)
at io.appium.java_client.pagefactory.AppiumElementLocator.findElement(AppiumElementLocator.java:153)
at io.appium.java_client.pagefactory.interceptors.InterceptorOfASingleElement.call(InterceptorOfASingleElement.java:64)
at io.appium.java_client.proxy.Interceptor.intercept(Interceptor.java:78)
at org.openqa.selenium.remote.RemoteWebElement$ByteBuddy$jlQgm5n0.click(Unknown Source)
at main.Core.findWebElementByIDAndClick(Core.java:93)
at pages.MultipleSessionsList.multipleSessionsList(MultipleSessionsList.java:46)
at stepdefinition.VerifyMutipleSessions.tapOnMultipleSessions(VerifyMutipleSessions.java:17)
at ✽.go to Multiple session page(file:///home/ubuntu/AfrobeatsAutomation/src/test/resources/features/playAllPads.feature:6)
]]>
    </error>
  </testcase> <!-- runScenario -->
  <testcase classname="main.CucumberRunner" name="runScenario" time="0.098">
    <error message="The element By.id: volNormButton is not locatable anymore because its context has been garbage collected" type="java.lang.IllegalStateException">
      <![CDATA[java.lang.IllegalStateException: The element By.id: volNormButton is not locatable anymore because its context has been garbage collected
at io.appium.java_client.pagefactory.AppiumElementLocator.lambda$findElement$0(AppiumElementLocator.java:154)
at java.base/java.util.Optional.orElseThrow(Optional.java:408)
at io.appium.java_client.pagefactory.AppiumElementLocator.findElement(AppiumElementLocator.java:153)
at io.appium.java_client.pagefactory.interceptors.InterceptorOfASingleElement.call(InterceptorOfASingleElement.java:64)
at io.appium.java_client.proxy.Interceptor.intercept(Interceptor.java:78)
at org.openqa.selenium.remote.RemoteWebElement$ByteBuddy$zBEwNlbI.click(Unknown Source)
at main.Core.findWebElementByIDAndClick(Core.java:93)
at pages.NormButton.clickOnVolNorm(NormButton.java:30)
at stepdefinition.VolNorm.iTapOnVolNorm(VolNorm.java:21)
at ✽.I tap the VOL NORM button(file:///home/ubuntu/AfrobeatsAutomation/src/test/resources/features/6_volumeNorm.feature:6)
]]>
    </error>
  </testcase> <!-- runScenario -->
  <testcase classname="main.CucumberRunner" name="runScenario" time="0.737">
    <error message="The element By.id: settingButton is not locatable anymore because its context has been garbage collected" type="java.lang.IllegalStateException">
      <![CDATA[java.lang.IllegalStateException: The element By.id: settingButton is not locatable anymore because its context has been garbage collected
at io.appium.java_client.pagefactory.AppiumElementLocator.lambda$findElement$0(AppiumElementLocator.java:154)
at java.base/java.util.Optional.orElseThrow(Optional.java:408)
at io.appium.java_client.pagefactory.AppiumElementLocator.findElement(AppiumElementLocator.java:153)
at io.appium.java_client.pagefactory.interceptors.InterceptorOfASingleElement.call(InterceptorOfASingleElement.java:64)
at io.appium.java_client.proxy.Interceptor.intercept(Interceptor.java:78)
at org.openqa.selenium.remote.RemoteWebElement$ByteBuddy$hCsqjmXj.click(Unknown Source)
at main.Core.findWebElementByIDAndClick(Core.java:93)
at pages.MultipleSessions.multipleSessionSelected(MultipleSessions.java:50)
at stepdefinition.AddMultipleSessions.tapOnMultipleSessions(AddMultipleSessions.java:18)
at ✽.Tap on Multiple session button on the top right(file:///home/ubuntu/AfrobeatsAutomation/src/test/resources/features/multipleSessions.feature:6)
]]>
    </error>
  </testcase> <!-- runScenario -->
  <testcase classname="main.CucumberRunner" name="runScenario" time="3.498">
    <failure type="java.lang.AssertionError">
      <![CDATA[java.lang.AssertionError
at org.junit.Assert.fail(Assert.java:87)
at org.junit.Assert.assertTrue(Assert.java:42)
at org.junit.Assert.assertTrue(Assert.java:53)
at stepdefinition.PageTitle.verifyPageName(PageTitle.java:37)
at ✽.Assert the Page name is African Kit(file:///home/ubuntu/AfrobeatsAutomation/src/test/resources/features/1_pageTitle.feature:8)
]]>
    </failure>
  </testcase> <!-- runScenario -->
  <testcase classname="main.CucumberRunner" name="runScenario" time="5.232">
    <failure message="expected [true] but found [false]" type="java.lang.AssertionError">
      <![CDATA[java.lang.AssertionError: expected [true] but found [false]
at org.testng.Assert.fail(Assert.java:111)
at org.testng.Assert.failNotEquals(Assert.java:1578)
at org.testng.Assert.assertTrue(Assert.java:57)
at org.testng.Assert.assertTrue(Assert.java:67)
at stepdefinition.StorePurchase.verifyCartCount(StorePurchase.java:22)
at ✽.The assert the store button is showing store count 40(file:///home/ubuntu/AfrobeatsAutomation/src/test/resources/features/8_purchaseStoreItems.feature:6)
]]>
    </failure>
  </testcase> <!-- runScenario -->
  <testcase classname="main.CucumberRunner" name="runScenario" time="0.608">
    <error message="Elements By.id: musicPadIcon are not locatable anymore because their context has been garbage collected" type="java.lang.IllegalStateException">
      <![CDATA[java.lang.IllegalStateException: Elements By.id: musicPadIcon are not locatable anymore because their context has been garbage collected
at io.appium.java_client.pagefactory.AppiumElementLocator.lambda$findElements$2(AppiumElementLocator.java:180)
at java.base/java.util.Optional.orElseThrow(Optional.java:408)
at io.appium.java_client.pagefactory.AppiumElementLocator.findElements(AppiumElementLocator.java:179)
at io.appium.java_client.pagefactory.interceptors.InterceptorOfAListOfElements.call(InterceptorOfAListOfElements.java:46)
at io.appium.java_client.proxy.Interceptor.intercept(Interceptor.java:78)
at net.bytebuddy.renamed.java.util.ArrayList$ByteBuddy$LYkLoN1g.get(Unknown Source)
at pages.MusicPad.playMusic(MusicPad.java:72)
at stepdefinition.MusicPlayPause.iTapOnMusicPad(MusicPlayPause.java:23)
at ✽.I tap on music pad(file:///home/ubuntu/AfrobeatsAutomation/src/test/resources/features/2_musicPlayPause.feature:7)
]]>
    </error>
  </testcase> <!-- runScenario -->
  <testcase classname="main.CucumberRunner" name="runScenario" time="0.306">
    <error message="The element By.id: editPads is not locatable anymore because its context has been garbage collected" type="java.lang.IllegalStateException">
      <![CDATA[java.lang.IllegalStateException: The element By.id: editPads is not locatable anymore because its context has been garbage collected
at io.appium.java_client.pagefactory.AppiumElementLocator.lambda$findElement$0(AppiumElementLocator.java:154)
at java.base/java.util.Optional.orElseThrow(Optional.java:408)
at io.appium.java_client.pagefactory.AppiumElementLocator.findElement(AppiumElementLocator.java:153)
at io.appium.java_client.pagefactory.interceptors.InterceptorOfASingleElement.call(InterceptorOfASingleElement.java:64)
at io.appium.java_client.proxy.Interceptor.intercept(Interceptor.java:78)
at org.openqa.selenium.remote.RemoteWebElement$ByteBuddy$1HhMItvY.click(Unknown Source)
at main.Core.findWebElementByIDAndClick(Core.java:93)
at pages.EditMusicPad.clickEditPads(EditMusicPad.java:61)
at stepdefinition.AddFreeSamples.iTapOnEditPad(AddFreeSamples.java:21)
at ✽.I tap the Edit page(file:///home/ubuntu/AfrobeatsAutomation/src/test/resources/features/7_addFreeSamples.feature:5)
]]>
    </error>
  </testcase> <!-- runScenario -->
  <testcase classname="main.CucumberRunner" name="runScenario" time="2.099">
    <failure message="expected [true] but found [false]" type="java.lang.AssertionError">
      <![CDATA[java.lang.AssertionError: expected [true] but found [false]
at org.testng.Assert.fail(Assert.java:111)
at org.testng.Assert.failNotEquals(Assert.java:1578)
at org.testng.Assert.assertTrue(Assert.java:57)
at org.testng.Assert.assertTrue(Assert.java:67)
at stepdefinition.TapTempo.verifyButtonDeactivated(TapTempo.java:35)
at ✽.Tap tempo button should be deactivated(file:///home/ubuntu/AfrobeatsAutomation/src/test/resources/features/9_tapTempoButton.feature:8)
]]>
    </failure>
  </testcase> <!-- runScenario -->
</testsuite> <!-- main.CucumberRunner -->
